2023-04-03 12:00:20 - INFO: Addres in main is 0x55777fa0e990
2023-04-03 12:00:20 - INFO: Addres in main is 0x55777fa0e9e0
2023-04-03 12:00:20 - INFO: Addres in main is 0x55777fa0ea30
2023-04-03 12:00:20 - INFO: Addres in main is 0x55777fa0ea80
2023-04-03 12:00:20 - INFO: Addres in main is 0x55777fa0ead0
2023-04-03 12:00:20 - INFO: Addres in main is 0x55777fa0eb20
2023-04-03 12:00:20 - TRACE: registering event source with poller: token=Token(0), interests=READABLE
2023-04-03 12:00:20 - TRACE: registering event source with poller: token=Token(1), interests=READABLE
2023-04-03 12:00:25 - INFO: Running test number 0 with status RUNNING
2023-04-03 12:00:25 - INFO: Executing "./test"
2023-04-03 12:00:25 - INFO: Child { stdin: Some(ChildStdin { .. }), stdout: Some(ChildStdout { .. }), stderr: None, .. }
2023-04-03 12:00:25 - INFO: wrote Hello there!
2023-04-03 12:00:25 - INFO: wrote Heya!
2023-04-03 12:00:25 - INFO: stdout is Some(ChildStdout { .. })
2023-04-03 12:00:25 - INFO: printing stdout
2023-04-03 12:00:25 - INFO: file_contains Testing

2023-04-03 12:00:25 - INFO: file_contains Hello

2023-04-03 12:00:25 - INFO: file_contains Testing

2023-04-03 12:00:25 - INFO: exit status Some(0)
2023-04-03 12:00:25 - INFO: []
2023-04-03 12:00:25 - INFO: Running test number 1 with status RUNNING
2023-04-03 12:00:25 - INFO: Executing "./test"
2023-04-03 12:00:25 - INFO: Child { stdin: Some(ChildStdin { .. }), stdout: Some(ChildStdout { .. }), stderr: None, .. }
2023-04-03 12:00:25 - INFO: wrote cdascsdf
2023-04-03 12:00:25 - INFO: stdout is Some(ChildStdout { .. })
2023-04-03 12:00:25 - INFO: printing stdout
2023-04-03 12:05:14 - INFO: Addres in main is 0x5582c02f7990
2023-04-03 12:05:14 - INFO: Addres in main is 0x5582c02f79e0
2023-04-03 12:05:14 - INFO: Addres in main is 0x5582c02f7a30
2023-04-03 12:05:14 - INFO: Addres in main is 0x5582c02f7a80
2023-04-03 12:05:14 - INFO: Addres in main is 0x5582c02f7ad0
2023-04-03 12:05:14 - INFO: Addres in main is 0x5582c02f7b20
2023-04-03 12:05:14 - TRACE: registering event source with poller: token=Token(0), interests=READABLE
2023-04-03 12:05:14 - TRACE: registering event source with poller: token=Token(1), interests=READABLE
2023-04-03 12:05:16 - INFO: Running test number 0 with status RUNNING
2023-04-03 12:05:16 - INFO: Executing "./test"
2023-04-03 12:05:16 - INFO: Child { stdin: Some(ChildStdin { .. }), stdout: Some(ChildStdout { .. }), stderr: None, .. }
2023-04-03 12:05:16 - INFO: wrote Hello there!
2023-04-03 12:05:16 - INFO: wrote Heya!
2023-04-03 12:05:16 - INFO: stdout is Some(ChildStdout { .. })
2023-04-03 12:05:16 - INFO: printing stdout
2023-04-03 12:05:16 - INFO: file_contains Testing

2023-04-03 12:05:16 - INFO: file_contains 

2023-04-03 12:05:16 - INFO: file_contains Testing

2023-04-03 12:05:16 - INFO: exit status Some(0)
2023-04-03 12:05:16 - INFO: []
2023-04-03 12:05:16 - INFO: Running test number 1 with status RUNNING
2023-04-03 12:05:16 - INFO: Executing "./test"
2023-04-03 12:05:16 - INFO: Child { stdin: Some(ChildStdin { .. }), stdout: Some(ChildStdout { .. }), stderr: None, .. }
2023-04-03 12:05:16 - INFO: wrote cdascsdf
2023-04-03 12:05:16 - INFO: stdout is Some(ChildStdout { .. })
2023-04-03 12:05:16 - INFO: printing stdout
2023-04-03 12:05:16 - INFO: file_contains Testing

2023-04-03 12:05:16 - INFO: file_contains 

2023-04-03 12:05:16 - INFO: file_contains Testing

2023-04-03 12:05:16 - INFO: exit status Some(0)
2023-04-03 12:05:16 - INFO: []
2023-04-03 12:05:16 - INFO: Running test number 2 with status RUNNING
2023-04-03 12:05:16 - INFO: Executing "./test"
2023-04-03 12:05:16 - INFO: Child { stdin: Some(ChildStdin { .. }), stdout: Some(ChildStdout { .. }), stderr: None, .. }
2023-04-03 12:05:16 - INFO: wrote dasdasd
2023-04-03 12:05:16 - INFO: stdout is Some(ChildStdout { .. })
2023-04-03 12:05:16 - INFO: printing stdout
2023-04-03 12:05:16 - INFO: file_contains Testing

2023-04-03 12:05:16 - INFO: file_contains 

2023-04-03 12:05:16 - INFO: file_contains Testing

2023-04-03 12:05:16 - INFO: exit status Some(0)
2023-04-03 12:05:16 - INFO: []
2023-04-03 12:05:16 - INFO: Running test number 3 with status RUNNING
2023-04-03 12:05:16 - INFO: Executing "./test"
2023-04-03 12:05:16 - INFO: Child { stdin: Some(ChildStdin { .. }), stdout: Some(ChildStdout { .. }), stderr: None, .. }
2023-04-03 12:05:16 - INFO: wrote adasd
2023-04-03 12:05:16 - INFO: stdout is Some(ChildStdout { .. })
2023-04-03 12:05:16 - INFO: printing stdout
2023-04-03 12:05:16 - INFO: file_contains Testing

2023-04-03 12:05:16 - INFO: file_contains 

2023-04-03 12:05:16 - INFO: file_contains Testing

2023-04-03 12:05:16 - INFO: exit status Some(0)
2023-04-03 12:05:16 - INFO: []
2023-04-03 12:05:16 - INFO: Running test number 4 with status RUNNING
2023-04-03 12:05:16 - INFO: Executing "./test"
2023-04-03 12:05:16 - INFO: Child { stdin: Some(ChildStdin { .. }), stdout: Some(ChildStdout { .. }), stderr: None, .. }
2023-04-03 12:05:16 - INFO: wrote adasd
2023-04-03 12:05:16 - INFO: stdout is Some(ChildStdout { .. })
2023-04-03 12:05:16 - INFO: printing stdout
2023-04-03 12:05:16 - INFO: file_contains Testing

2023-04-03 12:05:16 - INFO: file_contains 

2023-04-03 12:05:16 - INFO: file_contains Testing

2023-04-03 12:05:16 - INFO: exit status Some(0)
2023-04-03 12:05:16 - INFO: []
2023-04-03 12:05:16 - INFO: Running test number 5 with status RUNNING
2023-04-03 12:05:16 - INFO: Executing "./test"
2023-04-03 12:05:16 - INFO: Child { stdin: Some(ChildStdin { .. }), stdout: Some(ChildStdout { .. }), stderr: None, .. }
2023-04-03 12:05:16 - INFO: wrote asdasd
2023-04-03 12:05:16 - INFO: stdout is Some(ChildStdout { .. })
2023-04-03 12:05:16 - INFO: printing stdout
2023-04-03 12:05:16 - INFO: file_contains Testing

2023-04-03 12:05:16 - INFO: file_contains 

2023-04-03 12:05:16 - INFO: file_contains Testing

2023-04-03 12:05:16 - INFO: exit status Some(0)
2023-04-03 12:05:16 - INFO: []
2023-04-03 12:05:16 - INFO: Started all tests
2023-04-03 12:18:29 - INFO: Addres in main is 0x55db1f12f990
2023-04-03 12:18:29 - INFO: Addres in main is 0x55db1f12f9e0
2023-04-03 12:18:29 - INFO: Addres in main is 0x55db1f12fa30
2023-04-03 12:18:29 - INFO: Addres in main is 0x55db1f12fa80
2023-04-03 12:18:29 - INFO: Addres in main is 0x55db1f12fad0
2023-04-03 12:18:29 - INFO: Addres in main is 0x55db1f12fb20
2023-04-03 12:18:29 - TRACE: registering event source with poller: token=Token(0), interests=READABLE
2023-04-03 12:18:29 - TRACE: registering event source with poller: token=Token(1), interests=READABLE
2023-04-03 12:18:30 - INFO: Running test number 0 with status RUNNING
2023-04-03 12:18:30 - INFO: Executing "./test"
2023-04-03 12:18:30 - INFO: Child { stdin: Some(ChildStdin { .. }), stdout: Some(ChildStdout { .. }), stderr: None, .. }
2023-04-03 12:18:30 - INFO: wrote Hello there!
2023-04-03 12:18:30 - INFO: wrote Heya!
2023-04-03 12:18:30 - INFO: stdout is Some(ChildStdout { .. })
2023-04-03 12:18:30 - INFO: printing stdout
2023-04-03 12:18:30 - INFO: file_contains Testing

2023-04-03 12:18:30 - INFO: file_contains 

2023-04-03 12:18:30 - INFO: file_contains Testing

2023-04-03 12:18:30 - INFO: exit status Some(0)
2023-04-03 12:18:30 - INFO: []
2023-04-03 12:18:30 - INFO: Running test number 1 with status RUNNING
2023-04-03 12:18:30 - INFO: Executing "./test"
2023-04-03 12:18:30 - INFO: Child { stdin: Some(ChildStdin { .. }), stdout: Some(ChildStdout { .. }), stderr: None, .. }
2023-04-03 12:18:30 - INFO: wrote cdascsdf
2023-04-03 12:18:30 - INFO: stdout is Some(ChildStdout { .. })
2023-04-03 12:18:30 - INFO: printing stdout
2023-04-03 12:18:30 - INFO: file_contains Testing

2023-04-03 12:18:30 - INFO: file_contains 

2023-04-03 12:18:30 - INFO: file_contains Testing

2023-04-03 12:18:30 - INFO: exit status Some(0)
2023-04-03 12:18:30 - INFO: []
2023-04-03 12:18:30 - INFO: Running test number 2 with status RUNNING
2023-04-03 12:18:30 - INFO: Executing "./test"
2023-04-03 12:18:30 - INFO: Child { stdin: Some(ChildStdin { .. }), stdout: Some(ChildStdout { .. }), stderr: None, .. }
2023-04-03 12:18:30 - INFO: wrote dasdasd
2023-04-03 12:18:30 - INFO: stdout is Some(ChildStdout { .. })
2023-04-03 12:18:30 - INFO: printing stdout
2023-04-03 12:18:30 - INFO: file_contains Testing

2023-04-03 12:18:30 - INFO: file_contains 

2023-04-03 12:18:30 - INFO: file_contains Testing

2023-04-03 12:18:30 - INFO: exit status Some(0)
2023-04-03 12:18:30 - INFO: []
2023-04-03 12:18:30 - INFO: Running test number 3 with status RUNNING
2023-04-03 12:18:30 - INFO: Executing "./test"
2023-04-03 12:18:30 - INFO: Child { stdin: Some(ChildStdin { .. }), stdout: Some(ChildStdout { .. }), stderr: None, .. }
2023-04-03 12:18:30 - INFO: wrote adasd
2023-04-03 12:18:30 - INFO: stdout is Some(ChildStdout { .. })
2023-04-03 12:18:30 - INFO: printing stdout
2023-04-03 12:18:30 - INFO: file_contains Testing

2023-04-03 12:18:30 - INFO: file_contains 

2023-04-03 12:18:30 - INFO: file_contains Testing

2023-04-03 12:18:30 - INFO: exit status Some(0)
2023-04-03 12:18:30 - INFO: []
2023-04-03 12:18:30 - INFO: Running test number 4 with status RUNNING
2023-04-03 12:18:30 - INFO: Executing "./test"
2023-04-03 12:18:30 - INFO: Child { stdin: Some(ChildStdin { .. }), stdout: Some(ChildStdout { .. }), stderr: None, .. }
2023-04-03 12:18:30 - INFO: wrote adasd
2023-04-03 12:18:30 - INFO: stdout is Some(ChildStdout { .. })
2023-04-03 12:18:30 - INFO: printing stdout
2023-04-03 12:18:30 - INFO: file_contains Testing

2023-04-03 12:18:30 - INFO: file_contains 

2023-04-03 12:18:30 - INFO: file_contains Testing

2023-04-03 12:18:30 - INFO: exit status Some(0)
2023-04-03 12:18:30 - INFO: []
2023-04-03 12:18:30 - INFO: Running test number 5 with status RUNNING
2023-04-03 12:18:30 - INFO: Executing "./test"
2023-04-03 12:18:30 - INFO: Child { stdin: Some(ChildStdin { .. }), stdout: Some(ChildStdout { .. }), stderr: None, .. }
2023-04-03 12:18:30 - INFO: wrote asdasd
2023-04-03 12:18:30 - INFO: stdout is Some(ChildStdout { .. })
2023-04-03 12:18:30 - INFO: printing stdout
2023-04-03 12:18:30 - INFO: file_contains Testing

2023-04-03 12:18:30 - INFO: file_contains 

2023-04-03 12:18:30 - INFO: file_contains Testing

2023-04-03 12:18:30 - INFO: exit status Some(0)
2023-04-03 12:18:30 - INFO: []
2023-04-03 12:18:30 - INFO: Started all tests
2023-04-03 12:18:33 - INFO: Running test number 0 with status RUNNING
2023-04-03 12:18:33 - INFO: Executing "./test"
2023-04-03 12:18:33 - INFO: Child { stdin: Some(ChildStdin { .. }), stdout: Some(ChildStdout { .. }), stderr: None, .. }
2023-04-03 12:18:33 - INFO: wrote Hello there!
2023-04-03 12:18:33 - INFO: wrote Heya!
2023-04-03 12:18:33 - INFO: stdout is Some(ChildStdout { .. })
2023-04-03 12:18:33 - INFO: printing stdout
2023-04-03 12:18:33 - INFO: file_contains Testing

2023-04-03 12:18:33 - INFO: file_contains 

2023-04-03 12:18:33 - INFO: file_contains Testing

2023-04-03 12:18:33 - INFO: exit status Some(0)
2023-04-03 12:18:33 - INFO: []
2023-04-03 12:18:33 - INFO: Running test number 1 with status RUNNING
2023-04-03 12:18:33 - INFO: Executing "./test"
2023-04-03 12:18:33 - INFO: Child { stdin: Some(ChildStdin { .. }), stdout: Some(ChildStdout { .. }), stderr: None, .. }
2023-04-03 12:18:33 - INFO: wrote cdascsdf
2023-04-03 12:18:33 - INFO: stdout is Some(ChildStdout { .. })
2023-04-03 12:18:33 - INFO: printing stdout
2023-04-03 12:18:33 - INFO: file_contains Testing

2023-04-03 12:18:33 - INFO: file_contains 

2023-04-03 12:18:33 - INFO: file_contains Testing

2023-04-03 12:18:33 - INFO: exit status Some(0)
2023-04-03 12:18:33 - INFO: []
2023-04-03 12:18:33 - INFO: Running test number 2 with status RUNNING
2023-04-03 12:18:33 - INFO: Executing "./test"
2023-04-03 12:18:33 - INFO: Child { stdin: Some(ChildStdin { .. }), stdout: Some(ChildStdout { .. }), stderr: None, .. }
2023-04-03 12:18:33 - INFO: wrote dasdasd
2023-04-03 12:18:33 - INFO: stdout is Some(ChildStdout { .. })
2023-04-03 12:18:33 - INFO: printing stdout
2023-04-03 12:18:33 - INFO: file_contains Testing

2023-04-03 12:18:33 - INFO: file_contains 

2023-04-03 12:18:33 - INFO: file_contains Testing

2023-04-03 12:18:33 - INFO: exit status Some(0)
2023-04-03 12:18:33 - INFO: []
2023-04-03 12:18:33 - INFO: Running test number 3 with status RUNNING
2023-04-03 12:18:33 - INFO: Executing "./test"
2023-04-03 12:18:33 - INFO: Child { stdin: Some(ChildStdin { .. }), stdout: Some(ChildStdout { .. }), stderr: None, .. }
2023-04-03 12:18:33 - INFO: wrote adasd
2023-04-03 12:18:33 - INFO: stdout is Some(ChildStdout { .. })
2023-04-03 12:18:33 - INFO: printing stdout
2023-04-03 12:18:33 - INFO: file_contains Testing

2023-04-03 12:18:33 - INFO: file_contains 

2023-04-03 12:18:33 - INFO: file_contains Testing

2023-04-03 12:18:33 - INFO: exit status Some(0)
2023-04-03 12:18:33 - INFO: []
2023-04-03 12:18:33 - INFO: Running test number 4 with status RUNNING
2023-04-03 12:18:33 - INFO: Executing "./test"
2023-04-03 12:18:33 - INFO: Child { stdin: Some(ChildStdin { .. }), stdout: Some(ChildStdout { .. }), stderr: None, .. }
2023-04-03 12:18:33 - INFO: wrote adasd
2023-04-03 12:18:33 - INFO: stdout is Some(ChildStdout { .. })
2023-04-03 12:18:33 - INFO: printing stdout
2023-04-03 12:18:33 - INFO: file_contains Testing

2023-04-03 12:18:33 - INFO: file_contains 

2023-04-03 12:18:33 - INFO: file_contains Testing

2023-04-03 12:18:33 - INFO: exit status Some(0)
2023-04-03 12:18:33 - INFO: []
2023-04-03 12:18:33 - INFO: Running test number 5 with status RUNNING
2023-04-03 12:18:33 - INFO: Executing "./test"
2023-04-03 12:18:33 - INFO: Child { stdin: Some(ChildStdin { .. }), stdout: Some(ChildStdout { .. }), stderr: None, .. }
2023-04-03 12:18:33 - INFO: wrote asdasd
2023-04-03 12:18:33 - INFO: stdout is Some(ChildStdout { .. })
2023-04-03 12:18:33 - INFO: printing stdout
2023-04-03 12:18:33 - INFO: file_contains Testing

2023-04-03 12:18:33 - INFO: file_contains 

2023-04-03 12:18:33 - INFO: file_contains Testing

2023-04-03 12:18:33 - INFO: exit status Some(0)
2023-04-03 12:18:33 - INFO: []
2023-04-03 12:18:33 - INFO: Started test
2023-04-03 12:18:34 - INFO: Running test number 0 with status RUNNING
2023-04-03 12:18:34 - INFO: Executing "./test"
2023-04-03 12:18:34 - INFO: Child { stdin: Some(ChildStdin { .. }), stdout: Some(ChildStdout { .. }), stderr: None, .. }
2023-04-03 12:18:34 - INFO: wrote Hello there!
2023-04-03 12:18:34 - INFO: wrote Heya!
2023-04-03 12:18:34 - INFO: stdout is Some(ChildStdout { .. })
2023-04-03 12:18:34 - INFO: printing stdout
2023-04-03 12:18:34 - INFO: file_contains Testing

2023-04-03 12:18:34 - INFO: file_contains 

2023-04-03 12:18:34 - INFO: file_contains Testing

2023-04-03 12:18:34 - INFO: exit status Some(0)
2023-04-03 12:18:34 - INFO: []
2023-04-03 12:18:34 - INFO: Running test number 1 with status RUNNING
2023-04-03 12:18:34 - INFO: Executing "./test"
2023-04-03 12:18:34 - INFO: Child { stdin: Some(ChildStdin { .. }), stdout: Some(ChildStdout { .. }), stderr: None, .. }
2023-04-03 12:18:34 - INFO: wrote cdascsdf
2023-04-03 12:18:34 - INFO: stdout is Some(ChildStdout { .. })
2023-04-03 12:18:34 - INFO: printing stdout
2023-04-03 12:18:34 - INFO: file_contains Testing

2023-04-03 12:18:34 - INFO: file_contains 

2023-04-03 12:18:34 - INFO: file_contains Testing

2023-04-03 12:18:34 - INFO: exit status Some(0)
2023-04-03 12:18:34 - INFO: []
2023-04-03 12:18:34 - INFO: Running test number 2 with status RUNNING
2023-04-03 12:18:34 - INFO: Executing "./test"
2023-04-03 12:18:34 - INFO: Child { stdin: Some(ChildStdin { .. }), stdout: Some(ChildStdout { .. }), stderr: None, .. }
2023-04-03 12:18:34 - INFO: wrote dasdasd
2023-04-03 12:18:34 - INFO: stdout is Some(ChildStdout { .. })
2023-04-03 12:18:34 - INFO: printing stdout
2023-04-03 12:18:34 - INFO: file_contains Testing

2023-04-03 12:18:34 - INFO: file_contains 

2023-04-03 12:18:34 - INFO: file_contains Testing

2023-04-03 12:18:34 - INFO: exit status Some(0)
2023-04-03 12:18:34 - INFO: []
2023-04-03 12:18:34 - INFO: Running test number 3 with status RUNNING
2023-04-03 12:18:34 - INFO: Executing "./test"
2023-04-03 12:18:34 - INFO: Child { stdin: Some(ChildStdin { .. }), stdout: Some(ChildStdout { .. }), stderr: None, .. }
2023-04-03 12:18:34 - INFO: wrote adasd
2023-04-03 12:18:34 - INFO: stdout is Some(ChildStdout { .. })
2023-04-03 12:18:34 - INFO: printing stdout
2023-04-03 12:18:34 - INFO: file_contains Testing

2023-04-03 12:18:34 - INFO: file_contains 

2023-04-03 12:18:34 - INFO: file_contains Testing

2023-04-03 12:18:34 - INFO: exit status Some(0)
2023-04-03 12:18:34 - INFO: []
2023-04-03 12:18:34 - INFO: Running test number 4 with status RUNNING
2023-04-03 12:18:34 - INFO: Executing "./test"
2023-04-03 12:18:34 - INFO: Child { stdin: Some(ChildStdin { .. }), stdout: Some(ChildStdout { .. }), stderr: None, .. }
2023-04-03 12:18:34 - INFO: wrote adasd
2023-04-03 12:18:34 - INFO: stdout is Some(ChildStdout { .. })
2023-04-03 12:18:34 - INFO: printing stdout
2023-04-03 12:18:34 - INFO: file_contains Testing

2023-04-03 12:18:34 - INFO: file_contains 

2023-04-03 12:18:34 - INFO: file_contains Testing

2023-04-03 12:18:34 - INFO: exit status Some(0)
2023-04-03 12:18:34 - INFO: []
2023-04-03 12:18:34 - INFO: Running test number 5 with status RUNNING
2023-04-03 12:18:34 - INFO: Executing "./test"
2023-04-03 12:18:34 - INFO: Child { stdin: Some(ChildStdin { .. }), stdout: Some(ChildStdout { .. }), stderr: None, .. }
2023-04-03 12:18:34 - INFO: wrote asdasd
2023-04-03 12:18:34 - INFO: stdout is Some(ChildStdout { .. })
2023-04-03 12:18:34 - INFO: printing stdout
2023-04-03 12:18:34 - INFO: file_contains Testing

2023-04-03 12:18:34 - INFO: file_contains 

2023-04-03 12:18:34 - INFO: file_contains Testing

2023-04-03 12:18:34 - INFO: exit status Some(0)
2023-04-03 12:18:34 - INFO: []
2023-04-03 12:18:34 - INFO: Started test
2023-04-03 12:18:34 - INFO: Running test number 0 with status RUNNING
2023-04-03 12:18:34 - INFO: Executing "./test"
2023-04-03 12:18:34 - INFO: Child { stdin: Some(ChildStdin { .. }), stdout: Some(ChildStdout { .. }), stderr: None, .. }
2023-04-03 12:18:34 - INFO: wrote Hello there!
2023-04-03 12:18:34 - INFO: wrote Heya!
2023-04-03 12:18:34 - INFO: stdout is Some(ChildStdout { .. })
2023-04-03 12:18:34 - INFO: printing stdout
2023-04-03 12:18:34 - INFO: file_contains Testing

2023-04-03 12:18:34 - INFO: file_contains 

2023-04-03 12:18:34 - INFO: file_contains Testing

2023-04-03 12:18:34 - INFO: exit status Some(0)
2023-04-03 12:18:34 - INFO: []
2023-04-03 12:18:34 - INFO: Running test number 1 with status RUNNING
2023-04-03 12:18:34 - INFO: Executing "./test"
2023-04-03 12:18:34 - INFO: Child { stdin: Some(ChildStdin { .. }), stdout: Some(ChildStdout { .. }), stderr: None, .. }
2023-04-03 12:18:34 - INFO: wrote cdascsdf
2023-04-03 12:18:34 - INFO: stdout is Some(ChildStdout { .. })
2023-04-03 12:18:34 - INFO: printing stdout
2023-04-03 12:18:34 - INFO: file_contains Testing

2023-04-03 12:18:34 - INFO: file_contains 

2023-04-03 12:18:34 - INFO: file_contains Testing

2023-04-03 12:18:34 - INFO: exit status Some(0)
2023-04-03 12:18:34 - INFO: []
2023-04-03 12:18:34 - INFO: Running test number 2 with status RUNNING
2023-04-03 12:18:34 - INFO: Executing "./test"
2023-04-03 12:18:34 - INFO: Child { stdin: Some(ChildStdin { .. }), stdout: Some(ChildStdout { .. }), stderr: None, .. }
2023-04-03 12:18:34 - INFO: wrote dasdasd
2023-04-03 12:18:34 - INFO: stdout is Some(ChildStdout { .. })
2023-04-03 12:18:34 - INFO: printing stdout
2023-04-03 12:18:34 - INFO: file_contains Testing

2023-04-03 12:18:34 - INFO: file_contains 

2023-04-03 12:18:34 - INFO: file_contains Testing

2023-04-03 12:18:34 - INFO: exit status Some(0)
2023-04-03 12:18:34 - INFO: []
2023-04-03 12:18:34 - INFO: Running test number 3 with status RUNNING
2023-04-03 12:18:34 - INFO: Executing "./test"
2023-04-03 12:18:34 - INFO: Child { stdin: Some(ChildStdin { .. }), stdout: Some(ChildStdout { .. }), stderr: None, .. }
2023-04-03 12:18:34 - INFO: wrote adasd
2023-04-03 12:18:34 - INFO: stdout is Some(ChildStdout { .. })
2023-04-03 12:18:34 - INFO: printing stdout
2023-04-03 12:18:34 - INFO: file_contains Testing

2023-04-03 12:18:34 - INFO: file_contains 

2023-04-03 12:18:34 - INFO: file_contains Testing

2023-04-03 12:18:34 - INFO: exit status Some(0)
2023-04-03 12:18:34 - INFO: []
2023-04-03 12:18:34 - INFO: Running test number 4 with status RUNNING
2023-04-03 12:18:34 - INFO: Executing "./test"
2023-04-03 12:18:34 - INFO: Child { stdin: Some(ChildStdin { .. }), stdout: Some(ChildStdout { .. }), stderr: None, .. }
2023-04-03 12:18:34 - INFO: wrote adasd
2023-04-03 12:18:34 - INFO: stdout is Some(ChildStdout { .. })
2023-04-03 12:18:34 - INFO: printing stdout
2023-04-03 12:18:34 - INFO: file_contains Testing

2023-04-03 12:18:34 - INFO: file_contains 

2023-04-03 12:18:34 - INFO: file_contains Testing

2023-04-03 12:18:34 - INFO: exit status Some(0)
2023-04-03 12:18:34 - INFO: []
2023-04-03 12:18:34 - INFO: Running test number 5 with status RUNNING
2023-04-03 12:18:34 - INFO: Executing "./test"
2023-04-03 12:18:34 - INFO: Child { stdin: Some(ChildStdin { .. }), stdout: Some(ChildStdout { .. }), stderr: None, .. }
2023-04-03 12:18:34 - INFO: wrote asdasd
2023-04-03 12:18:34 - INFO: stdout is Some(ChildStdout { .. })
2023-04-03 12:18:34 - INFO: printing stdout
2023-04-03 12:18:34 - INFO: file_contains Testing

2023-04-03 12:18:34 - INFO: file_contains 

2023-04-03 12:18:34 - INFO: file_contains Testing

2023-04-03 12:18:34 - INFO: exit status Some(0)
2023-04-03 12:18:34 - INFO: []
2023-04-03 12:18:34 - INFO: Started test
2023-04-03 12:18:34 - INFO: Running test number 0 with status RUNNING
2023-04-03 12:18:34 - INFO: Executing "./test"
2023-04-03 12:18:34 - INFO: Child { stdin: Some(ChildStdin { .. }), stdout: Some(ChildStdout { .. }), stderr: None, .. }
2023-04-03 12:18:34 - INFO: wrote Hello there!
2023-04-03 12:18:34 - INFO: wrote Heya!
2023-04-03 12:18:34 - INFO: stdout is Some(ChildStdout { .. })
2023-04-03 12:18:34 - INFO: printing stdout
2023-04-03 12:18:34 - INFO: file_contains Testing

2023-04-03 12:18:34 - INFO: file_contains 

2023-04-03 12:18:34 - INFO: file_contains Testing

2023-04-03 12:18:34 - INFO: exit status Some(0)
2023-04-03 12:18:34 - INFO: []
2023-04-03 12:18:34 - INFO: Running test number 1 with status RUNNING
2023-04-03 12:18:34 - INFO: Executing "./test"
2023-04-03 12:18:34 - INFO: Child { stdin: Some(ChildStdin { .. }), stdout: Some(ChildStdout { .. }), stderr: None, .. }
2023-04-03 12:18:34 - INFO: wrote cdascsdf
2023-04-03 12:18:34 - INFO: stdout is Some(ChildStdout { .. })
2023-04-03 12:18:34 - INFO: printing stdout
2023-04-03 12:18:34 - INFO: file_contains Testing

2023-04-03 12:18:34 - INFO: file_contains 

2023-04-03 12:18:34 - INFO: file_contains Testing

2023-04-03 12:18:34 - INFO: exit status Some(0)
2023-04-03 12:18:34 - INFO: []
2023-04-03 12:18:34 - INFO: Running test number 2 with status RUNNING
2023-04-03 12:18:34 - INFO: Executing "./test"
2023-04-03 12:18:34 - INFO: Child { stdin: Some(ChildStdin { .. }), stdout: Some(ChildStdout { .. }), stderr: None, .. }
2023-04-03 12:18:34 - INFO: wrote dasdasd
2023-04-03 12:18:34 - INFO: stdout is Some(ChildStdout { .. })
2023-04-03 12:18:34 - INFO: printing stdout
2023-04-03 12:18:34 - INFO: file_contains Testing

2023-04-03 12:18:34 - INFO: file_contains 

2023-04-03 12:18:34 - INFO: file_contains Testing

2023-04-03 12:18:34 - INFO: exit status Some(0)
2023-04-03 12:18:34 - INFO: []
2023-04-03 12:18:34 - INFO: Running test number 3 with status RUNNING
2023-04-03 12:18:34 - INFO: Executing "./test"
2023-04-03 12:18:34 - INFO: Child { stdin: Some(ChildStdin { .. }), stdout: Some(ChildStdout { .. }), stderr: None, .. }
2023-04-03 12:18:34 - INFO: wrote adasd
2023-04-03 12:18:34 - INFO: stdout is Some(ChildStdout { .. })
2023-04-03 12:18:34 - INFO: printing stdout
2023-04-03 12:18:34 - INFO: file_contains Testing

2023-04-03 12:18:34 - INFO: file_contains 

2023-04-03 12:18:34 - INFO: file_contains Testing

2023-04-03 12:18:34 - INFO: exit status Some(0)
2023-04-03 12:18:34 - INFO: []
2023-04-03 12:18:34 - INFO: Running test number 4 with status RUNNING
2023-04-03 12:18:34 - INFO: Executing "./test"
2023-04-03 12:18:34 - INFO: Child { stdin: Some(ChildStdin { .. }), stdout: Some(ChildStdout { .. }), stderr: None, .. }
2023-04-03 12:18:34 - INFO: wrote adasd
2023-04-03 12:18:34 - INFO: stdout is Some(ChildStdout { .. })
2023-04-03 12:18:34 - INFO: printing stdout
2023-04-03 12:18:34 - INFO: file_contains Testing

2023-04-03 12:18:34 - INFO: file_contains 

2023-04-03 12:18:34 - INFO: file_contains Testing

2023-04-03 12:18:34 - INFO: exit status Some(0)
2023-04-03 12:18:34 - INFO: []
2023-04-03 12:18:34 - INFO: Running test number 5 with status RUNNING
2023-04-03 12:18:34 - INFO: Executing "./test"
2023-04-03 12:18:34 - INFO: Child { stdin: Some(ChildStdin { .. }), stdout: Some(ChildStdout { .. }), stderr: None, .. }
2023-04-03 12:18:34 - INFO: wrote asdasd
2023-04-03 12:18:34 - INFO: stdout is Some(ChildStdout { .. })
2023-04-03 12:18:34 - INFO: printing stdout
2023-04-03 12:18:34 - INFO: file_contains Testing

2023-04-03 12:18:34 - INFO: file_contains 

2023-04-03 12:18:34 - INFO: file_contains Testing

2023-04-03 12:18:34 - INFO: exit status Some(0)
2023-04-03 12:18:34 - INFO: []
2023-04-03 12:18:34 - INFO: Started test
2023-04-03 12:18:34 - INFO: Running test number 0 with status RUNNING
2023-04-03 12:18:34 - INFO: Executing "./test"
2023-04-03 12:18:34 - INFO: Child { stdin: Some(ChildStdin { .. }), stdout: Some(ChildStdout { .. }), stderr: None, .. }
2023-04-03 12:18:34 - INFO: wrote Hello there!
2023-04-03 12:18:34 - INFO: wrote Heya!
2023-04-03 12:18:34 - INFO: stdout is Some(ChildStdout { .. })
2023-04-03 12:18:34 - INFO: printing stdout
2023-04-03 12:18:34 - INFO: file_contains Testing

2023-04-03 12:18:34 - INFO: file_contains 

2023-04-03 12:18:34 - INFO: file_contains Testing

2023-04-03 12:18:34 - INFO: exit status Some(0)
2023-04-03 12:18:34 - INFO: []
2023-04-03 12:18:34 - INFO: Running test number 1 with status RUNNING
2023-04-03 12:18:34 - INFO: Executing "./test"
2023-04-03 12:18:34 - INFO: Child { stdin: Some(ChildStdin { .. }), stdout: Some(ChildStdout { .. }), stderr: None, .. }
2023-04-03 12:18:34 - INFO: wrote cdascsdf
2023-04-03 12:18:34 - INFO: stdout is Some(ChildStdout { .. })
2023-04-03 12:18:34 - INFO: printing stdout
2023-04-03 12:18:34 - INFO: file_contains Testing

2023-04-03 12:18:34 - INFO: file_contains 

2023-04-03 12:18:34 - INFO: file_contains Testing

2023-04-03 12:18:34 - INFO: exit status Some(0)
2023-04-03 12:18:34 - INFO: []
2023-04-03 12:18:34 - INFO: Running test number 2 with status RUNNING
2023-04-03 12:18:34 - INFO: Executing "./test"
2023-04-03 12:18:34 - INFO: Child { stdin: Some(ChildStdin { .. }), stdout: Some(ChildStdout { .. }), stderr: None, .. }
2023-04-03 12:18:34 - INFO: wrote dasdasd
2023-04-03 12:18:34 - INFO: stdout is Some(ChildStdout { .. })
2023-04-03 12:18:34 - INFO: printing stdout
2023-04-03 12:18:34 - INFO: file_contains Testing

2023-04-03 12:18:34 - INFO: file_contains 

2023-04-03 12:18:34 - INFO: file_contains Testing

2023-04-03 12:18:34 - INFO: exit status Some(0)
2023-04-03 12:18:34 - INFO: []
2023-04-03 12:18:34 - INFO: Running test number 3 with status RUNNING
2023-04-03 12:18:34 - INFO: Executing "./test"
2023-04-03 12:18:34 - INFO: Child { stdin: Some(ChildStdin { .. }), stdout: Some(ChildStdout { .. }), stderr: None, .. }
2023-04-03 12:18:34 - INFO: wrote adasd
2023-04-03 12:18:34 - INFO: stdout is Some(ChildStdout { .. })
2023-04-03 12:18:34 - INFO: printing stdout
2023-04-03 12:18:34 - INFO: file_contains Testing

2023-04-03 12:18:34 - INFO: file_contains 

2023-04-03 12:18:34 - INFO: file_contains Testing

2023-04-03 12:18:34 - INFO: exit status Some(0)
2023-04-03 12:18:34 - INFO: []
2023-04-03 12:18:34 - INFO: Running test number 4 with status RUNNING
2023-04-03 12:18:34 - INFO: Executing "./test"
2023-04-03 12:18:34 - INFO: Child { stdin: Some(ChildStdin { .. }), stdout: Some(ChildStdout { .. }), stderr: None, .. }
2023-04-03 12:18:34 - INFO: wrote adasd
2023-04-03 12:18:34 - INFO: stdout is Some(ChildStdout { .. })
2023-04-03 12:18:34 - INFO: printing stdout
2023-04-03 12:18:34 - INFO: file_contains Testing

2023-04-03 12:18:34 - INFO: file_contains 

2023-04-03 12:18:34 - INFO: file_contains Testing

2023-04-03 12:18:34 - INFO: exit status Some(0)
2023-04-03 12:18:34 - INFO: []
2023-04-03 12:18:34 - INFO: Running test number 5 with status RUNNING
2023-04-03 12:18:34 - INFO: Executing "./test"
2023-04-03 12:18:34 - INFO: Child { stdin: Some(ChildStdin { .. }), stdout: Some(ChildStdout { .. }), stderr: None, .. }
2023-04-03 12:18:34 - INFO: wrote asdasd
2023-04-03 12:18:34 - INFO: stdout is Some(ChildStdout { .. })
2023-04-03 12:18:34 - INFO: printing stdout
2023-04-03 12:18:34 - INFO: file_contains Testing

2023-04-03 12:18:34 - INFO: file_contains 

2023-04-03 12:18:34 - INFO: file_contains Testing

2023-04-03 12:18:34 - INFO: exit status Some(0)
2023-04-03 12:18:34 - INFO: []
2023-04-03 12:18:34 - INFO: Started test
2023-04-03 15:09:42 - INFO: Addres in main is 0x55808f3f66d0
2023-04-03 15:09:42 - INFO: Addres in main is 0x55808f3f6720
2023-04-03 15:09:42 - INFO: Addres in main is 0x55808f3f6770
2023-04-03 15:09:42 - INFO: Addres in main is 0x55808f3f67c0
2023-04-03 15:09:42 - INFO: Addres in main is 0x55808f3f6810
2023-04-03 15:09:42 - INFO: Addres in main is 0x55808f3f6860
2023-04-03 15:09:42 - TRACE: registering event source with poller: token=Token(0), interests=READABLE
2023-04-03 15:09:42 - TRACE: registering event source with poller: token=Token(1), interests=READABLE
2023-04-03 15:09:44 - INFO: Running test number 0 with status RUNNING
2023-04-03 15:09:44 - INFO: Executing "./test"
2023-04-03 15:09:44 - INFO: Child { stdin: Some(ChildStdin { .. }), stdout: Some(ChildStdout { .. }), stderr: None, .. }
2023-04-03 15:09:44 - INFO: wrote Hello there!
2023-04-03 15:09:44 - INFO: wrote Heya!
2023-04-03 15:09:44 - INFO: stdout is Some(ChildStdout { .. })
2023-04-03 15:09:44 - INFO: printing stdout
2023-04-03 15:09:44 - INFO: file_contains Testing

2023-04-03 15:09:44 - INFO: file_contains 

2023-04-03 15:09:44 - INFO: file_contains Testing

2023-04-03 15:09:44 - INFO: exit status Some(0)
2023-04-03 15:09:44 - INFO: []
2023-04-03 15:09:44 - INFO: Running test number 1 with status RUNNING
2023-04-03 15:09:44 - INFO: Executing "./test"
2023-04-03 15:09:44 - INFO: Child { stdin: Some(ChildStdin { .. }), stdout: Some(ChildStdout { .. }), stderr: None, .. }
2023-04-03 15:09:44 - INFO: wrote cdascsdf
2023-04-03 15:09:44 - INFO: stdout is Some(ChildStdout { .. })
2023-04-03 15:09:44 - INFO: printing stdout
2023-04-03 15:09:44 - INFO: file_contains Testing

2023-04-03 15:09:44 - INFO: file_contains 

2023-04-03 15:09:44 - INFO: file_contains Testing

2023-04-03 15:09:44 - INFO: exit status Some(0)
2023-04-03 15:09:44 - INFO: []
2023-04-03 15:09:44 - INFO: Running test number 2 with status RUNNING
2023-04-03 15:09:44 - INFO: Executing "./test"
2023-04-03 15:09:44 - INFO: Child { stdin: Some(ChildStdin { .. }), stdout: Some(ChildStdout { .. }), stderr: None, .. }
2023-04-03 15:09:44 - INFO: wrote dasdasd
2023-04-03 15:09:44 - INFO: stdout is Some(ChildStdout { .. })
2023-04-03 15:09:44 - INFO: printing stdout
2023-04-03 15:09:44 - INFO: file_contains Testing

2023-04-03 15:09:44 - INFO: file_contains 

2023-04-03 15:09:44 - INFO: file_contains Testing

2023-04-03 15:09:44 - INFO: exit status Some(0)
2023-04-03 15:09:44 - INFO: []
2023-04-03 15:09:44 - INFO: Running test number 3 with status RUNNING
2023-04-03 15:09:44 - INFO: Executing "./test"
2023-04-03 15:09:44 - INFO: Child { stdin: Some(ChildStdin { .. }), stdout: Some(ChildStdout { .. }), stderr: None, .. }
2023-04-03 15:09:44 - INFO: wrote adasd
2023-04-03 15:09:44 - INFO: stdout is Some(ChildStdout { .. })
2023-04-03 15:09:44 - INFO: printing stdout
2023-04-03 15:09:44 - INFO: file_contains Testing

2023-04-03 15:09:44 - INFO: file_contains 

2023-04-03 15:09:44 - INFO: file_contains Testing

2023-04-03 15:09:44 - INFO: exit status Some(0)
2023-04-03 15:09:44 - INFO: []
2023-04-03 15:09:44 - INFO: Running test number 4 with status RUNNING
2023-04-03 15:09:44 - INFO: Executing "./test"
2023-04-03 15:09:44 - INFO: Child { stdin: Some(ChildStdin { .. }), stdout: Some(ChildStdout { .. }), stderr: None, .. }
2023-04-03 15:09:44 - INFO: wrote adasd
2023-04-03 15:09:44 - INFO: stdout is Some(ChildStdout { .. })
2023-04-03 15:09:44 - INFO: printing stdout
2023-04-03 15:09:44 - INFO: file_contains Testing

2023-04-03 15:09:44 - INFO: file_contains 

2023-04-03 15:09:44 - INFO: file_contains Testing

2023-04-03 15:09:44 - INFO: exit status Some(0)
2023-04-03 15:09:44 - INFO: []
2023-04-03 15:09:44 - INFO: Running test number 5 with status RUNNING
2023-04-03 15:09:44 - INFO: Executing "./test"
2023-04-03 15:09:44 - INFO: Child { stdin: Some(ChildStdin { .. }), stdout: Some(ChildStdout { .. }), stderr: None, .. }
2023-04-03 15:09:44 - INFO: wrote asdasd
2023-04-03 15:09:44 - INFO: stdout is Some(ChildStdout { .. })
2023-04-03 15:09:44 - INFO: printing stdout
2023-04-03 15:09:44 - INFO: file_contains Testing

2023-04-03 15:09:44 - INFO: file_contains 

2023-04-03 15:09:44 - INFO: file_contains Testing

2023-04-03 15:09:44 - INFO: exit status Some(0)
2023-04-03 15:09:44 - INFO: []
2023-04-03 15:09:44 - INFO: Started all tests
2023-04-03 15:11:41 - INFO: Addres in main is 0x562ed5840fd0
2023-04-03 15:11:41 - INFO: Addres in main is 0x562ed5841020
2023-04-03 15:11:41 - INFO: Addres in main is 0x562ed5841070
2023-04-03 15:11:41 - INFO: Addres in main is 0x562ed58410c0
2023-04-03 15:11:41 - INFO: Addres in main is 0x562ed5841110
2023-04-03 15:11:41 - INFO: Addres in main is 0x562ed5841160
2023-04-03 15:11:41 - TRACE: registering event source with poller: token=Token(0), interests=READABLE
2023-04-03 15:11:41 - TRACE: registering event source with poller: token=Token(1), interests=READABLE
2023-04-03 15:11:42 - INFO: Running test number 0 with status RUNNING
2023-04-03 15:11:42 - INFO: Executing "./test"
2023-04-03 15:11:42 - INFO: Child { stdin: Some(ChildStdin { .. }), stdout: Some(ChildStdout { .. }), stderr: None, .. }
2023-04-03 15:11:42 - INFO: wrote Hello there!

2023-04-03 15:11:42 - INFO: wrote Heya!

2023-04-03 15:11:42 - INFO: stdout is Some(ChildStdout { .. })
2023-04-03 15:11:42 - INFO: printing stdout
2023-04-03 15:11:42 - INFO: file_contains Testing

2023-04-03 15:11:42 - INFO: file_contains 

2023-04-03 15:11:42 - INFO: file_contains Testing

2023-04-03 15:11:42 - INFO: exit status Some(0)
2023-04-03 15:11:42 - INFO: []
2023-04-03 15:11:42 - INFO: Running test number 1 with status RUNNING
2023-04-03 15:11:42 - INFO: Executing "./test"
2023-04-03 15:11:42 - INFO: Child { stdin: Some(ChildStdin { .. }), stdout: Some(ChildStdout { .. }), stderr: None, .. }
2023-04-03 15:11:42 - INFO: wrote cdascsdf

2023-04-03 15:11:42 - INFO: stdout is Some(ChildStdout { .. })
2023-04-03 15:11:42 - INFO: printing stdout
2023-04-03 15:11:42 - INFO: file_contains Testing

2023-04-03 15:11:42 - INFO: file_contains 

2023-04-03 15:11:42 - INFO: file_contains Testing

2023-04-03 15:11:42 - INFO: exit status Some(0)
2023-04-03 15:11:42 - INFO: []
2023-04-03 15:11:42 - INFO: Running test number 2 with status RUNNING
2023-04-03 15:11:42 - INFO: Executing "./test"
2023-04-03 15:11:42 - INFO: Child { stdin: Some(ChildStdin { .. }), stdout: Some(ChildStdout { .. }), stderr: None, .. }
2023-04-03 15:11:42 - INFO: wrote dasdasd

2023-04-03 15:11:42 - INFO: stdout is Some(ChildStdout { .. })
2023-04-03 15:11:42 - INFO: printing stdout
2023-04-03 15:11:42 - INFO: file_contains Testing

2023-04-03 15:11:42 - INFO: file_contains 

2023-04-03 15:11:42 - INFO: file_contains Testing

2023-04-03 15:11:42 - INFO: exit status Some(0)
2023-04-03 15:11:42 - INFO: []
2023-04-03 15:11:42 - INFO: Running test number 3 with status RUNNING
2023-04-03 15:11:42 - INFO: Executing "./test"
2023-04-03 15:11:42 - INFO: Child { stdin: Some(ChildStdin { .. }), stdout: Some(ChildStdout { .. }), stderr: None, .. }
2023-04-03 15:11:42 - INFO: wrote adasd

2023-04-03 15:11:42 - INFO: stdout is Some(ChildStdout { .. })
2023-04-03 15:11:42 - INFO: printing stdout
2023-04-03 15:11:42 - INFO: file_contains Testing

2023-04-03 15:11:42 - INFO: file_contains 

2023-04-03 15:11:42 - INFO: file_contains Testing

2023-04-03 15:11:42 - INFO: exit status Some(0)
2023-04-03 15:11:42 - INFO: []
2023-04-03 15:11:42 - INFO: Running test number 4 with status RUNNING
2023-04-03 15:11:42 - INFO: Executing "./test"
2023-04-03 15:11:42 - INFO: Child { stdin: Some(ChildStdin { .. }), stdout: Some(ChildStdout { .. }), stderr: None, .. }
2023-04-03 15:11:42 - INFO: wrote adasd

2023-04-03 15:11:42 - INFO: stdout is Some(ChildStdout { .. })
2023-04-03 15:11:42 - INFO: printing stdout
2023-04-03 15:11:42 - INFO: file_contains Testing

2023-04-03 15:11:42 - INFO: file_contains 

2023-04-03 15:11:42 - INFO: file_contains Testing

2023-04-03 15:11:42 - INFO: exit status Some(0)
2023-04-03 15:11:42 - INFO: []
2023-04-03 15:11:42 - INFO: Running test number 5 with status RUNNING
2023-04-03 15:11:42 - INFO: Executing "./test"
2023-04-03 15:11:42 - INFO: Child { stdin: Some(ChildStdin { .. }), stdout: Some(ChildStdout { .. }), stderr: None, .. }
2023-04-03 15:11:42 - INFO: wrote asdasd

2023-04-03 15:11:42 - INFO: stdout is Some(ChildStdout { .. })
2023-04-03 15:11:42 - INFO: printing stdout
2023-04-03 15:11:42 - INFO: file_contains Testing

2023-04-03 15:11:42 - INFO: file_contains 

2023-04-03 15:11:42 - INFO: file_contains Testing

2023-04-03 15:11:42 - INFO: exit status Some(0)
2023-04-03 15:11:42 - INFO: []
2023-04-03 15:11:42 - INFO: Started test
2023-04-03 15:38:53 - INFO: Addres in main is 0x557a5a972fd0
2023-04-03 15:38:53 - INFO: Addres in main is 0x557a5a973020
2023-04-03 15:38:53 - INFO: Addres in main is 0x557a5a973070
2023-04-03 15:38:53 - INFO: Addres in main is 0x557a5a9730c0
2023-04-03 15:38:53 - INFO: Addres in main is 0x557a5a973110
2023-04-03 15:38:53 - INFO: Addres in main is 0x557a5a973160
2023-04-03 15:38:53 - TRACE: registering event source with poller: token=Token(0), interests=READABLE
2023-04-03 15:38:53 - TRACE: registering event source with poller: token=Token(1), interests=READABLE
2023-04-03 15:39:00 - INFO: Running test number 0 with status RUNNING
2023-04-03 15:39:00 - INFO: Executing "./test"
2023-04-03 15:39:00 - INFO: Child { stdin: Some(ChildStdin { .. }), stdout: Some(ChildStdout { .. }), stderr: None, .. }
2023-04-03 15:39:00 - INFO: wrote Hello there!

2023-04-03 15:39:00 - INFO: wrote Heya!

2023-04-03 15:39:00 - INFO: printing stdout
2023-04-03 15:39:00 - INFO: file_contains Testing

2023-04-03 15:39:00 - INFO: file_contains 

2023-04-03 15:39:00 - INFO: file_contains Testing

2023-04-03 15:39:00 - INFO: exit status Some(0)
2023-04-03 15:39:00 - INFO: []
2023-04-03 15:39:00 - INFO: Running test number 1 with status RUNNING
2023-04-03 15:39:00 - INFO: Executing "./test"
2023-04-03 15:39:00 - INFO: Child { stdin: Some(ChildStdin { .. }), stdout: Some(ChildStdout { .. }), stderr: None, .. }
2023-04-03 15:39:00 - INFO: wrote cdascsdf

2023-04-03 15:39:00 - INFO: printing stdout
2023-04-03 15:39:00 - INFO: file_contains Testing

2023-04-03 15:39:00 - INFO: file_contains 

2023-04-03 15:39:00 - INFO: file_contains Testing

2023-04-03 15:39:00 - INFO: exit status Some(0)
2023-04-03 15:39:00 - INFO: []
2023-04-03 15:39:00 - INFO: Running test number 2 with status RUNNING
2023-04-03 15:39:00 - INFO: Executing "./test"
2023-04-03 15:39:00 - INFO: Child { stdin: Some(ChildStdin { .. }), stdout: Some(ChildStdout { .. }), stderr: None, .. }
2023-04-03 15:39:00 - INFO: wrote dasdasd

2023-04-03 15:39:00 - INFO: printing stdout
2023-04-03 15:39:00 - INFO: file_contains Testing

2023-04-03 15:39:00 - INFO: file_contains 

2023-04-03 15:39:00 - INFO: file_contains Testing

2023-04-03 15:39:00 - INFO: exit status Some(0)
2023-04-03 15:39:00 - INFO: []
2023-04-03 15:39:00 - INFO: Running test number 3 with status RUNNING
2023-04-03 15:39:00 - INFO: Executing "./test"
2023-04-03 15:39:00 - INFO: Child { stdin: Some(ChildStdin { .. }), stdout: Some(ChildStdout { .. }), stderr: None, .. }
2023-04-03 15:39:00 - INFO: wrote adasd

2023-04-03 15:39:00 - INFO: printing stdout
2023-04-03 15:39:00 - INFO: file_contains Testing

2023-04-03 15:39:00 - INFO: file_contains 

2023-04-03 15:39:00 - INFO: file_contains Testing

2023-04-03 15:39:00 - INFO: exit status Some(0)
2023-04-03 15:39:00 - INFO: []
2023-04-03 15:39:00 - INFO: Running test number 4 with status RUNNING
2023-04-03 15:39:00 - INFO: Executing "./test"
2023-04-03 15:39:00 - INFO: Child { stdin: Some(ChildStdin { .. }), stdout: Some(ChildStdout { .. }), stderr: None, .. }
2023-04-03 15:39:00 - INFO: wrote adasd

2023-04-03 15:39:00 - INFO: printing stdout
2023-04-03 15:39:00 - INFO: file_contains Testing

2023-04-03 15:39:00 - INFO: file_contains 

2023-04-03 15:39:00 - INFO: file_contains Testing

2023-04-03 15:39:00 - INFO: exit status Some(0)
2023-04-03 15:39:00 - INFO: []
2023-04-03 15:39:00 - INFO: Running test number 5 with status RUNNING
2023-04-03 15:39:00 - INFO: Executing "./test"
2023-04-03 15:39:00 - INFO: Child { stdin: Some(ChildStdin { .. }), stdout: Some(ChildStdout { .. }), stderr: None, .. }
2023-04-03 15:39:00 - INFO: wrote asdasd

2023-04-03 15:39:00 - INFO: printing stdout
2023-04-03 15:39:00 - INFO: file_contains Testing

2023-04-03 15:39:00 - INFO: file_contains 

2023-04-03 15:39:00 - INFO: file_contains Testing

2023-04-03 15:39:00 - INFO: exit status Some(0)
2023-04-03 15:39:00 - INFO: []
2023-04-03 15:39:00 - INFO: Started all tests
2023-04-03 15:39:22 - INFO: Addres in main is 0x55f2316e70d0
2023-04-03 15:39:22 - INFO: Addres in main is 0x55f2316e7120
2023-04-03 15:39:22 - INFO: Addres in main is 0x55f2316e7170
2023-04-03 15:39:22 - INFO: Addres in main is 0x55f2316e71c0
2023-04-03 15:39:22 - INFO: Addres in main is 0x55f2316e7210
2023-04-03 15:39:22 - INFO: Addres in main is 0x55f2316e7260
2023-04-03 15:39:22 - TRACE: registering event source with poller: token=Token(0), interests=READABLE
2023-04-03 15:39:22 - TRACE: registering event source with poller: token=Token(1), interests=READABLE
2023-04-03 15:39:26 - INFO: Running test number 0 with status RUNNING
2023-04-03 15:39:26 - INFO: Executing "./test"
2023-04-03 15:39:26 - INFO: Child { stdin: Some(ChildStdin { .. }), stdout: Some(ChildStdout { .. }), stderr: None, .. }
2023-04-03 15:39:26 - INFO: wrote Hello there!

2023-04-03 15:39:26 - INFO: wrote Heya!

2023-04-03 15:39:26 - INFO: printing stdout
2023-04-03 15:39:26 - INFO: file_contains Testing

2023-04-03 15:39:26 - INFO: file_contains 

2023-04-03 15:39:26 - INFO: file_contains Testing

2023-04-03 15:39:26 - INFO: exit status Some(0)
2023-04-03 15:39:26 - INFO: []
2023-04-03 15:39:26 - INFO: Running test number 1 with status RUNNING
2023-04-03 15:39:26 - INFO: Executing "./test"
2023-04-03 15:39:26 - INFO: Child { stdin: Some(ChildStdin { .. }), stdout: Some(ChildStdout { .. }), stderr: None, .. }
2023-04-03 15:39:26 - INFO: wrote cdascsdf

2023-04-03 15:39:26 - INFO: printing stdout
2023-04-03 15:39:26 - INFO: file_contains Testing

2023-04-03 15:39:26 - INFO: file_contains 

2023-04-03 15:39:26 - INFO: file_contains Testing

2023-04-03 15:39:26 - INFO: exit status Some(0)
2023-04-03 15:39:26 - INFO: []
2023-04-03 15:39:26 - INFO: Running test number 2 with status RUNNING
2023-04-03 15:39:26 - INFO: Executing "./test"
2023-04-03 15:39:26 - INFO: Child { stdin: Some(ChildStdin { .. }), stdout: Some(ChildStdout { .. }), stderr: None, .. }
2023-04-03 15:39:26 - INFO: wrote dasdasd

2023-04-03 15:39:26 - INFO: printing stdout
2023-04-03 15:39:26 - INFO: file_contains Testing

2023-04-03 15:39:26 - INFO: file_contains 

2023-04-03 15:39:26 - INFO: file_contains Testing

2023-04-03 15:39:26 - INFO: exit status Some(0)
2023-04-03 15:39:26 - INFO: []
2023-04-03 15:39:26 - INFO: Running test number 3 with status RUNNING
2023-04-03 15:39:26 - INFO: Executing "./test"
2023-04-03 15:39:26 - INFO: Child { stdin: Some(ChildStdin { .. }), stdout: Some(ChildStdout { .. }), stderr: None, .. }
2023-04-03 15:39:26 - INFO: wrote adasd

2023-04-03 15:39:26 - INFO: printing stdout
2023-04-03 15:39:26 - INFO: file_contains Testing

2023-04-03 15:39:26 - INFO: file_contains 

2023-04-03 15:39:26 - INFO: file_contains Testing

2023-04-03 15:39:26 - INFO: exit status Some(0)
2023-04-03 15:39:26 - INFO: []
2023-04-03 15:39:26 - INFO: Running test number 4 with status RUNNING
2023-04-03 15:39:26 - INFO: Executing "./test"
2023-04-03 15:39:26 - INFO: Child { stdin: Some(ChildStdin { .. }), stdout: Some(ChildStdout { .. }), stderr: None, .. }
2023-04-03 15:39:26 - INFO: wrote adasd

2023-04-03 15:39:26 - INFO: printing stdout
2023-04-03 15:39:26 - INFO: file_contains Testing

2023-04-03 15:39:26 - INFO: file_contains 

2023-04-03 15:39:26 - INFO: file_contains Testing

2023-04-03 15:39:26 - INFO: exit status Some(0)
2023-04-03 15:39:26 - INFO: []
2023-04-03 15:39:26 - INFO: Running test number 5 with status RUNNING
2023-04-03 15:39:26 - INFO: Executing "./test"
2023-04-03 15:39:26 - INFO: Child { stdin: Some(ChildStdin { .. }), stdout: Some(ChildStdout { .. }), stderr: None, .. }
2023-04-03 15:39:26 - INFO: wrote asdasd

2023-04-03 15:39:26 - INFO: printing stdout
2023-04-03 15:39:26 - INFO: file_contains Testing

2023-04-03 15:39:26 - INFO: file_contains 

2023-04-03 15:39:26 - INFO: file_contains Testing

2023-04-03 15:39:26 - INFO: exit status Some(0)
2023-04-03 15:39:26 - INFO: []
2023-04-03 15:39:26 - INFO: Started all tests
2023-04-03 15:39:42 - INFO: Addres in main is 0x5612fda590d0
2023-04-03 15:39:42 - INFO: Addres in main is 0x5612fda59120
2023-04-03 15:39:42 - INFO: Addres in main is 0x5612fda59170
2023-04-03 15:39:42 - INFO: Addres in main is 0x5612fda591c0
2023-04-03 15:39:42 - INFO: Addres in main is 0x5612fda59210
2023-04-03 15:39:42 - INFO: Addres in main is 0x5612fda59260
2023-04-03 15:39:42 - TRACE: registering event source with poller: token=Token(0), interests=READABLE
2023-04-03 15:39:42 - TRACE: registering event source with poller: token=Token(1), interests=READABLE
2023-04-03 15:39:47 - INFO: Running test number 0 with status RUNNING
2023-04-03 15:39:47 - INFO: Executing "./test"
2023-04-03 15:39:47 - INFO: Child { stdin: Some(ChildStdin { .. }), stdout: Some(ChildStdout { .. }), stderr: None, .. }
2023-04-03 15:39:47 - INFO: wrote Hello there!

2023-04-03 15:39:47 - INFO: wrote Heya!

2023-04-03 15:39:47 - INFO: printing stdout
2023-04-03 15:39:47 - INFO: file_contains Testing

2023-04-03 15:39:47 - INFO: file_contains 

2023-04-03 15:39:47 - INFO: file_contains Testing

2023-04-03 15:39:47 - INFO: exit status Some(0)
2023-04-03 15:39:47 - INFO: []
2023-04-03 15:39:47 - INFO: Running test number 1 with status RUNNING
2023-04-03 15:39:47 - INFO: Executing "./test"
2023-04-03 15:39:47 - INFO: Child { stdin: Some(ChildStdin { .. }), stdout: Some(ChildStdout { .. }), stderr: None, .. }
2023-04-03 15:39:47 - INFO: wrote cdascsdf

2023-04-03 15:39:47 - INFO: printing stdout
2023-04-03 15:39:47 - INFO: file_contains Testing

2023-04-03 15:39:47 - INFO: file_contains 

2023-04-03 15:39:47 - INFO: file_contains Testing

2023-04-03 15:39:47 - INFO: exit status Some(0)
2023-04-03 15:39:47 - INFO: []
2023-04-03 15:39:47 - INFO: Running test number 2 with status RUNNING
2023-04-03 15:39:47 - INFO: Executing "./test"
2023-04-03 15:39:47 - INFO: Child { stdin: Some(ChildStdin { .. }), stdout: Some(ChildStdout { .. }), stderr: None, .. }
2023-04-03 15:39:47 - INFO: wrote dasdasd

2023-04-03 15:39:47 - INFO: printing stdout
2023-04-03 15:39:47 - INFO: file_contains Testing

2023-04-03 15:39:47 - INFO: file_contains 

2023-04-03 15:39:47 - INFO: file_contains Testing

2023-04-03 15:39:47 - INFO: exit status Some(0)
2023-04-03 15:39:47 - INFO: []
2023-04-03 15:39:47 - INFO: Running test number 3 with status RUNNING
2023-04-03 15:39:47 - INFO: Executing "./test"
2023-04-03 15:39:47 - INFO: Child { stdin: Some(ChildStdin { .. }), stdout: Some(ChildStdout { .. }), stderr: None, .. }
2023-04-03 15:39:47 - INFO: wrote adasd

2023-04-03 15:39:47 - INFO: printing stdout
2023-04-03 15:39:47 - INFO: file_contains Testing

2023-04-03 15:39:47 - INFO: file_contains 

2023-04-03 15:39:47 - INFO: file_contains Testing

2023-04-03 15:39:47 - INFO: exit status Some(0)
2023-04-03 15:39:47 - INFO: []
2023-04-03 15:39:47 - INFO: Running test number 4 with status RUNNING
2023-04-03 15:39:47 - INFO: Executing "./test"
2023-04-03 15:39:47 - INFO: Child { stdin: Some(ChildStdin { .. }), stdout: Some(ChildStdout { .. }), stderr: None, .. }
2023-04-03 15:39:47 - INFO: wrote adasd

2023-04-03 15:39:47 - INFO: printing stdout
2023-04-03 15:39:47 - INFO: file_contains Testing

2023-04-03 15:39:47 - INFO: file_contains 

2023-04-03 15:39:47 - INFO: file_contains Testing

2023-04-03 15:39:47 - INFO: exit status Some(0)
2023-04-03 15:39:47 - INFO: []
2023-04-03 15:39:47 - INFO: Running test number 5 with status RUNNING
2023-04-03 15:39:47 - INFO: Executing "./test"
2023-04-03 15:39:47 - INFO: Child { stdin: Some(ChildStdin { .. }), stdout: Some(ChildStdout { .. }), stderr: None, .. }
2023-04-03 15:39:47 - INFO: wrote asdasd

2023-04-03 15:39:47 - INFO: printing stdout
2023-04-03 15:39:47 - INFO: file_contains Testing

2023-04-03 15:39:47 - INFO: file_contains 

2023-04-03 15:39:47 - INFO: file_contains Testing

2023-04-03 15:39:47 - INFO: exit status Some(0)
2023-04-03 15:39:47 - INFO: []
2023-04-03 15:39:47 - INFO: Started all tests
2023-04-03 15:39:56 - INFO: Addres in main is 0x5571afee30d0
2023-04-03 15:39:56 - INFO: Addres in main is 0x5571afee3120
2023-04-03 15:39:56 - INFO: Addres in main is 0x5571afee3170
2023-04-03 15:39:56 - INFO: Addres in main is 0x5571afee31c0
2023-04-03 15:39:56 - INFO: Addres in main is 0x5571afee3210
2023-04-03 15:39:56 - INFO: Addres in main is 0x5571afee3260
2023-04-03 15:39:56 - TRACE: registering event source with poller: token=Token(0), interests=READABLE
2023-04-03 15:39:56 - TRACE: registering event source with poller: token=Token(1), interests=READABLE
2023-04-03 15:39:57 - INFO: Running test number 0 with status RUNNING
2023-04-03 15:39:57 - INFO: Executing "./test"
2023-04-03 15:39:57 - INFO: Child { stdin: Some(ChildStdin { .. }), stdout: Some(ChildStdout { .. }), stderr: None, .. }
2023-04-03 15:39:57 - INFO: wrote Hello there!

2023-04-03 15:39:57 - INFO: wrote Heya!

2023-04-03 15:39:57 - INFO: printing stdout
2023-04-03 15:39:57 - INFO: file_contains Testing

2023-04-03 15:39:57 - INFO: file_contains 

2023-04-03 15:39:57 - INFO: file_contains Testing

2023-04-03 15:39:57 - INFO: exit status Some(0)
2023-04-03 15:39:57 - INFO: []
2023-04-03 15:39:57 - INFO: Running test number 1 with status RUNNING
2023-04-03 15:39:57 - INFO: Executing "./test"
2023-04-03 15:39:57 - INFO: Child { stdin: Some(ChildStdin { .. }), stdout: Some(ChildStdout { .. }), stderr: None, .. }
2023-04-03 15:39:57 - INFO: wrote cdascsdf

2023-04-03 15:39:57 - INFO: printing stdout
2023-04-03 15:39:57 - INFO: file_contains Testing

2023-04-03 15:39:57 - INFO: file_contains 

2023-04-03 15:39:57 - INFO: file_contains Testing

2023-04-03 15:39:57 - INFO: exit status Some(0)
2023-04-03 15:39:57 - INFO: []
2023-04-03 15:39:57 - INFO: Running test number 2 with status RUNNING
2023-04-03 15:39:57 - INFO: Executing "./test"
2023-04-03 15:39:57 - INFO: Child { stdin: Some(ChildStdin { .. }), stdout: Some(ChildStdout { .. }), stderr: None, .. }
2023-04-03 15:39:57 - INFO: wrote dasdasd

2023-04-03 15:39:57 - INFO: printing stdout
2023-04-03 15:39:57 - INFO: file_contains Testing

2023-04-03 15:39:57 - INFO: file_contains 

2023-04-03 15:39:57 - INFO: file_contains Testing

2023-04-03 15:39:57 - INFO: exit status Some(0)
2023-04-03 15:39:57 - INFO: []
2023-04-03 15:39:57 - INFO: Running test number 3 with status RUNNING
2023-04-03 15:39:57 - INFO: Executing "./test"
2023-04-03 15:39:57 - INFO: Child { stdin: Some(ChildStdin { .. }), stdout: Some(ChildStdout { .. }), stderr: None, .. }
2023-04-03 15:39:57 - INFO: wrote adasd

2023-04-03 15:39:57 - INFO: printing stdout
2023-04-03 15:39:57 - INFO: file_contains Testing

2023-04-03 15:39:57 - INFO: file_contains 

2023-04-03 15:39:57 - INFO: file_contains Testing

2023-04-03 15:39:57 - INFO: exit status Some(0)
2023-04-03 15:39:57 - INFO: []
2023-04-03 15:39:57 - INFO: Running test number 4 with status RUNNING
2023-04-03 15:39:57 - INFO: Executing "./test"
2023-04-03 15:39:57 - INFO: Child { stdin: Some(ChildStdin { .. }), stdout: Some(ChildStdout { .. }), stderr: None, .. }
2023-04-03 15:39:57 - INFO: wrote adasd

2023-04-03 15:39:57 - INFO: printing stdout
2023-04-03 15:39:57 - INFO: file_contains Testing

2023-04-03 15:39:57 - INFO: file_contains 

2023-04-03 15:39:57 - INFO: file_contains Testing

2023-04-03 15:39:57 - INFO: exit status Some(0)
2023-04-03 15:39:57 - INFO: []
2023-04-03 15:39:57 - INFO: Running test number 5 with status RUNNING
2023-04-03 15:39:57 - INFO: Executing "./test"
2023-04-03 15:39:57 - INFO: Child { stdin: Some(ChildStdin { .. }), stdout: Some(ChildStdout { .. }), stderr: None, .. }
2023-04-03 15:39:57 - INFO: wrote asdasd

2023-04-03 15:39:57 - INFO: printing stdout
2023-04-03 15:39:57 - INFO: file_contains Testing

2023-04-03 15:39:57 - INFO: file_contains 

2023-04-03 15:39:57 - INFO: file_contains Testing

2023-04-03 15:39:57 - INFO: exit status Some(0)
2023-04-03 15:39:57 - INFO: []
2023-04-03 15:39:57 - INFO: Started all tests
2023-04-03 15:40:03 - INFO: Running test number 0 with status RUNNING
2023-04-03 15:40:03 - INFO: Executing "./test"
2023-04-03 15:40:03 - INFO: Child { stdin: Some(ChildStdin { .. }), stdout: Some(ChildStdout { .. }), stderr: None, .. }
2023-04-03 15:40:03 - INFO: wrote Hello there!

2023-04-03 15:40:03 - INFO: wrote Heya!

2023-04-03 15:40:03 - INFO: printing stdout
2023-04-03 15:40:03 - INFO: file_contains Testing

2023-04-03 15:40:03 - INFO: file_contains Hello

2023-04-03 15:40:03 - INFO: file_contains Testing

2023-04-03 15:40:03 - INFO: exit status Some(0)
2023-04-03 15:40:03 - INFO: []
2023-04-03 15:40:03 - INFO: Running test number 1 with status RUNNING
2023-04-03 15:40:03 - INFO: Executing "./test"
2023-04-03 15:40:03 - INFO: Child { stdin: Some(ChildStdin { .. }), stdout: Some(ChildStdout { .. }), stderr: None, .. }
2023-04-03 15:40:03 - INFO: wrote cdascsdf

2023-04-03 15:40:03 - INFO: printing stdout
2023-04-03 15:40:03 - INFO: file_contains Testing

2023-04-03 15:40:03 - INFO: file_contains cdascsdf

2023-04-03 15:40:03 - INFO: file_contains Testing

2023-04-03 15:40:03 - INFO: exit status Some(0)
2023-04-03 15:40:03 - INFO: []
2023-04-03 15:40:03 - INFO: Running test number 2 with status RUNNING
2023-04-03 15:40:03 - INFO: Executing "./test"
2023-04-03 15:40:03 - INFO: Child { stdin: Some(ChildStdin { .. }), stdout: Some(ChildStdout { .. }), stderr: None, .. }
2023-04-03 15:40:03 - INFO: wrote dasdasd

2023-04-03 15:40:03 - INFO: printing stdout
2023-04-03 15:40:03 - INFO: file_contains Testing

2023-04-03 15:40:03 - INFO: file_contains dasdasd

2023-04-03 15:40:03 - INFO: file_contains Testing

2023-04-03 15:40:03 - INFO: exit status Some(0)
2023-04-03 15:40:03 - INFO: []
2023-04-03 15:40:03 - INFO: Running test number 3 with status RUNNING
2023-04-03 15:40:03 - INFO: Executing "./test"
2023-04-03 15:40:03 - INFO: Child { stdin: Some(ChildStdin { .. }), stdout: Some(ChildStdout { .. }), stderr: None, .. }
2023-04-03 15:40:03 - INFO: wrote adasd

2023-04-03 15:40:03 - INFO: printing stdout
2023-04-03 15:40:03 - INFO: file_contains Testing

2023-04-03 15:40:03 - INFO: file_contains adasd

2023-04-03 15:40:03 - INFO: file_contains Testing

2023-04-03 15:40:03 - INFO: exit status Some(0)
2023-04-03 15:40:03 - INFO: []
2023-04-03 15:40:03 - INFO: Running test number 4 with status RUNNING
2023-04-03 15:40:03 - INFO: Executing "./test"
2023-04-03 15:40:03 - INFO: Child { stdin: Some(ChildStdin { .. }), stdout: Some(ChildStdout { .. }), stderr: None, .. }
2023-04-03 15:40:03 - INFO: wrote adasd

2023-04-03 15:40:03 - INFO: printing stdout
2023-04-03 15:40:03 - INFO: file_contains Testing

2023-04-03 15:40:03 - INFO: file_contains adasd

2023-04-03 15:40:03 - INFO: file_contains Testing

2023-04-03 15:40:03 - INFO: exit status Some(0)
2023-04-03 15:40:03 - INFO: []
2023-04-03 15:40:03 - INFO: Running test number 5 with status RUNNING
2023-04-03 15:40:03 - INFO: Executing "./test"
2023-04-03 15:40:03 - INFO: Child { stdin: Some(ChildStdin { .. }), stdout: Some(ChildStdout { .. }), stderr: None, .. }
2023-04-03 15:40:03 - INFO: wrote asdasd

2023-04-03 15:40:03 - INFO: printing stdout
2023-04-03 15:40:03 - INFO: file_contains Testing

2023-04-03 15:40:03 - INFO: file_contains asdasd

2023-04-03 15:40:03 - INFO: file_contains Testing

2023-04-03 15:40:03 - INFO: exit status Some(0)
2023-04-03 15:40:03 - INFO: []
2023-04-03 15:40:03 - INFO: Started all tests
2023-04-03 15:40:04 - INFO: Addres in main is 0x55d1aa9ac0d0
2023-04-03 15:40:04 - INFO: Addres in main is 0x55d1aa9ac120
2023-04-03 15:40:04 - INFO: Addres in main is 0x55d1aa9ac170
2023-04-03 15:40:04 - INFO: Addres in main is 0x55d1aa9ac1c0
2023-04-03 15:40:04 - INFO: Addres in main is 0x55d1aa9ac210
2023-04-03 15:40:04 - INFO: Addres in main is 0x55d1aa9ac260
2023-04-03 15:40:04 - TRACE: registering event source with poller: token=Token(0), interests=READABLE
2023-04-03 15:40:04 - TRACE: registering event source with poller: token=Token(1), interests=READABLE
2023-04-03 15:40:06 - INFO: Running test number 0 with status RUNNING
2023-04-03 15:40:06 - INFO: Executing "./test"
2023-04-03 15:40:06 - INFO: Child { stdin: Some(ChildStdin { .. }), stdout: Some(ChildStdout { .. }), stderr: None, .. }
2023-04-03 15:40:06 - INFO: wrote Hello there!

2023-04-03 15:40:06 - INFO: wrote Heya!

2023-04-03 15:40:06 - INFO: printing stdout
2023-04-03 15:40:06 - INFO: file_contains Testing

2023-04-03 15:40:06 - INFO: file_contains Hello

2023-04-03 15:40:06 - INFO: file_contains Testing

2023-04-03 15:40:06 - INFO: exit status Some(0)
2023-04-03 15:40:06 - INFO: []
2023-04-03 15:40:06 - INFO: Running test number 1 with status RUNNING
2023-04-03 15:40:06 - INFO: Executing "./test"
2023-04-03 15:40:06 - INFO: Child { stdin: Some(ChildStdin { .. }), stdout: Some(ChildStdout { .. }), stderr: None, .. }
2023-04-03 15:40:06 - INFO: wrote cdascsdf

2023-04-03 15:40:06 - INFO: printing stdout
2023-04-03 15:40:06 - INFO: file_contains Testing

2023-04-03 15:40:06 - INFO: file_contains cdascsdf

2023-04-03 15:40:06 - INFO: file_contains Testing

2023-04-03 15:40:06 - INFO: exit status Some(0)
2023-04-03 15:40:06 - INFO: []
2023-04-03 15:40:06 - INFO: Running test number 2 with status RUNNING
2023-04-03 15:40:06 - INFO: Executing "./test"
2023-04-03 15:40:06 - INFO: Child { stdin: Some(ChildStdin { .. }), stdout: Some(ChildStdout { .. }), stderr: None, .. }
2023-04-03 15:40:06 - INFO: wrote dasdasd

2023-04-03 15:40:06 - INFO: printing stdout
2023-04-03 15:40:06 - INFO: file_contains Testing

2023-04-03 15:40:06 - INFO: file_contains dasdasd

2023-04-03 15:40:06 - INFO: file_contains Testing

2023-04-03 15:40:06 - INFO: exit status Some(0)
2023-04-03 15:40:06 - INFO: []
2023-04-03 15:40:06 - INFO: Running test number 3 with status RUNNING
2023-04-03 15:40:06 - INFO: Executing "./test"
2023-04-03 15:40:06 - INFO: Child { stdin: Some(ChildStdin { .. }), stdout: Some(ChildStdout { .. }), stderr: None, .. }
2023-04-03 15:40:06 - INFO: wrote adasd

2023-04-03 15:40:06 - INFO: printing stdout
2023-04-03 15:40:06 - INFO: file_contains Testing

2023-04-03 15:40:06 - INFO: file_contains adasd

2023-04-03 15:40:06 - INFO: file_contains Testing

2023-04-03 15:40:06 - INFO: exit status Some(0)
2023-04-03 15:40:06 - INFO: []
2023-04-03 15:40:06 - INFO: Running test number 4 with status RUNNING
2023-04-03 15:40:06 - INFO: Executing "./test"
2023-04-03 15:40:06 - INFO: Child { stdin: Some(ChildStdin { .. }), stdout: Some(ChildStdout { .. }), stderr: None, .. }
2023-04-03 15:40:06 - INFO: wrote adasd

2023-04-03 15:40:06 - INFO: printing stdout
2023-04-03 15:40:06 - INFO: file_contains Testing

2023-04-03 15:40:06 - INFO: file_contains adasd

2023-04-03 15:40:06 - INFO: file_contains Testing

2023-04-03 15:40:06 - INFO: exit status Some(0)
2023-04-03 15:40:06 - INFO: []
2023-04-03 15:40:06 - INFO: Running test number 5 with status RUNNING
2023-04-03 15:40:06 - INFO: Executing "./test"
2023-04-03 15:40:06 - INFO: Child { stdin: Some(ChildStdin { .. }), stdout: Some(ChildStdout { .. }), stderr: None, .. }
2023-04-03 15:40:06 - INFO: wrote asdasd

2023-04-03 15:40:06 - INFO: printing stdout
2023-04-03 15:40:06 - INFO: file_contains Testing

2023-04-03 15:40:06 - INFO: file_contains asdasd

2023-04-03 15:40:06 - INFO: file_contains Testing

2023-04-03 15:40:06 - INFO: exit status Some(0)
2023-04-03 15:40:06 - INFO: []
2023-04-03 15:40:06 - INFO: Started all tests
2023-04-03 15:40:18 - INFO: Addres in main is 0x55b20e6930d0
2023-04-03 15:40:18 - INFO: Addres in main is 0x55b20e693120
2023-04-03 15:40:18 - INFO: Addres in main is 0x55b20e693170
2023-04-03 15:40:18 - INFO: Addres in main is 0x55b20e6931c0
2023-04-03 15:40:18 - INFO: Addres in main is 0x55b20e693210
2023-04-03 15:40:18 - INFO: Addres in main is 0x55b20e693260
2023-04-03 15:40:18 - TRACE: registering event source with poller: token=Token(0), interests=READABLE
2023-04-03 15:40:18 - TRACE: registering event source with poller: token=Token(1), interests=READABLE
2023-04-03 15:41:01 - INFO: Running test number 0 with status RUNNING
2023-04-03 15:41:01 - INFO: Executing "./test"
2023-04-03 15:41:01 - INFO: Child { stdin: Some(ChildStdin { .. }), stdout: Some(ChildStdout { .. }), stderr: None, .. }
2023-04-03 15:41:01 - INFO: wrote Hello there!

2023-04-03 15:41:01 - INFO: wrote Heya!

2023-04-03 15:41:01 - INFO: printing stdout
2023-04-03 15:41:01 - INFO: file_contains Testing

2023-04-03 15:41:01 - INFO: file_contains Hello

2023-04-03 15:41:01 - INFO: file_contains Testing

2023-04-03 15:41:01 - INFO: exit status Some(0)
2023-04-03 15:41:01 - INFO: []
2023-04-03 15:41:01 - INFO: Running test number 1 with status RUNNING
2023-04-03 15:41:01 - INFO: Executing "./test"
2023-04-03 15:41:01 - INFO: Child { stdin: Some(ChildStdin { .. }), stdout: Some(ChildStdout { .. }), stderr: None, .. }
2023-04-03 15:41:01 - INFO: wrote cdascsdf

2023-04-03 15:41:01 - INFO: printing stdout
2023-04-03 15:41:01 - INFO: file_contains Testing

2023-04-03 15:41:01 - INFO: file_contains cdascsdf

2023-04-03 15:41:01 - INFO: file_contains Testing

2023-04-03 15:41:01 - INFO: exit status Some(0)
2023-04-03 15:41:01 - INFO: []
2023-04-03 15:41:01 - INFO: Running test number 2 with status RUNNING
2023-04-03 15:41:01 - INFO: Executing "./test"
2023-04-03 15:41:01 - INFO: Child { stdin: Some(ChildStdin { .. }), stdout: Some(ChildStdout { .. }), stderr: None, .. }
2023-04-03 15:41:01 - INFO: wrote dasdasd

2023-04-03 15:41:01 - INFO: printing stdout
2023-04-03 15:41:01 - INFO: file_contains Testing

2023-04-03 15:41:01 - INFO: file_contains dasdasd

2023-04-03 15:41:01 - INFO: file_contains Testing

2023-04-03 15:41:01 - INFO: exit status Some(0)
2023-04-03 15:41:01 - INFO: []
2023-04-03 15:41:01 - INFO: Running test number 3 with status RUNNING
2023-04-03 15:41:01 - INFO: Executing "./test"
2023-04-03 15:41:01 - INFO: Child { stdin: Some(ChildStdin { .. }), stdout: Some(ChildStdout { .. }), stderr: None, .. }
2023-04-03 15:41:01 - INFO: wrote adasd

2023-04-03 15:41:01 - INFO: printing stdout
2023-04-03 15:41:01 - INFO: file_contains Testing

2023-04-03 15:41:01 - INFO: file_contains adasd

2023-04-03 15:41:01 - INFO: file_contains Testing

2023-04-03 15:41:01 - INFO: exit status Some(0)
2023-04-03 15:41:01 - INFO: []
2023-04-03 15:41:01 - INFO: Running test number 4 with status RUNNING
2023-04-03 15:41:01 - INFO: Executing "./test"
2023-04-03 15:41:01 - INFO: Child { stdin: Some(ChildStdin { .. }), stdout: Some(ChildStdout { .. }), stderr: None, .. }
2023-04-03 15:41:01 - INFO: wrote adasd

2023-04-03 15:41:01 - INFO: printing stdout
2023-04-03 15:41:01 - INFO: file_contains Testing

2023-04-03 15:41:01 - INFO: file_contains adasd

2023-04-03 15:41:01 - INFO: file_contains Testing

2023-04-03 15:41:01 - INFO: exit status Some(0)
2023-04-03 15:41:01 - INFO: []
2023-04-03 15:41:01 - INFO: Running test number 5 with status RUNNING
2023-04-03 15:41:01 - INFO: Executing "./test"
2023-04-03 15:41:01 - INFO: Child { stdin: Some(ChildStdin { .. }), stdout: Some(ChildStdout { .. }), stderr: None, .. }
2023-04-03 15:41:01 - INFO: wrote asdasd

2023-04-03 15:41:01 - INFO: printing stdout
2023-04-03 15:41:01 - INFO: file_contains Testing

2023-04-03 15:41:01 - INFO: file_contains asdasd

2023-04-03 15:41:01 - INFO: file_contains Testing

2023-04-03 15:41:01 - INFO: exit status Some(0)
2023-04-03 15:41:01 - INFO: []
2023-04-03 15:41:01 - INFO: Started all tests
2023-04-03 15:53:46 - INFO: Addres in main is 0x5606e467d0d0
2023-04-03 15:53:46 - INFO: Addres in main is 0x5606e467d120
2023-04-03 15:53:46 - INFO: Addres in main is 0x5606e467d170
2023-04-03 15:53:46 - INFO: Addres in main is 0x5606e467d1c0
2023-04-03 15:53:46 - INFO: Addres in main is 0x5606e467d210
2023-04-03 15:53:46 - INFO: Addres in main is 0x5606e467d260
2023-04-03 15:53:46 - TRACE: registering event source with poller: token=Token(0), interests=READABLE
2023-04-03 15:53:46 - TRACE: registering event source with poller: token=Token(1), interests=READABLE
2023-04-03 15:53:48 - INFO: Running test number 0 with status RUNNING
2023-04-03 15:53:48 - INFO: Executing "./test"
2023-04-03 15:53:48 - INFO: Child { stdin: Some(ChildStdin { .. }), stdout: Some(ChildStdout { .. }), stderr: None, .. }
2023-04-03 15:53:48 - INFO: wrote Hello there!

2023-04-03 15:53:48 - INFO: wrote Heya!

2023-04-03 15:53:48 - INFO: printing stdout
2023-04-03 15:53:48 - INFO: file_contains Testing

2023-04-03 15:53:48 - INFO: file_contains Hello

2023-04-03 15:53:48 - INFO: file_contains Testing

2023-04-03 15:53:48 - INFO: exit status Some(0)
2023-04-03 15:53:48 - INFO: []
2023-04-03 15:53:48 - INFO: Running test number 1 with status RUNNING
2023-04-03 15:53:48 - INFO: Executing "./test"
2023-04-03 15:53:48 - INFO: Child { stdin: Some(ChildStdin { .. }), stdout: Some(ChildStdout { .. }), stderr: None, .. }
2023-04-03 15:53:48 - INFO: wrote cdascsdf

2023-04-03 15:53:48 - INFO: printing stdout
2023-04-03 15:53:48 - INFO: file_contains Testing

2023-04-03 15:53:48 - INFO: file_contains cdascsdf

2023-04-03 15:53:48 - INFO: file_contains Testing

2023-04-03 15:53:48 - INFO: exit status Some(0)
2023-04-03 15:53:48 - INFO: []
2023-04-03 15:53:48 - INFO: Running test number 2 with status RUNNING
2023-04-03 15:53:48 - INFO: Executing "./test"
2023-04-03 15:53:48 - INFO: Child { stdin: Some(ChildStdin { .. }), stdout: Some(ChildStdout { .. }), stderr: None, .. }
2023-04-03 15:53:48 - INFO: wrote dasdasd

2023-04-03 15:53:48 - INFO: printing stdout
2023-04-03 15:53:48 - INFO: file_contains Testing

2023-04-03 15:53:48 - INFO: file_contains dasdasd

2023-04-03 15:53:48 - INFO: file_contains Testing

2023-04-03 15:53:48 - INFO: exit status Some(0)
2023-04-03 15:53:48 - INFO: []
2023-04-03 15:53:48 - INFO: Running test number 3 with status RUNNING
2023-04-03 15:53:48 - INFO: Executing "./test"
2023-04-03 15:53:48 - INFO: Child { stdin: Some(ChildStdin { .. }), stdout: Some(ChildStdout { .. }), stderr: None, .. }
2023-04-03 15:53:48 - INFO: wrote adasd

2023-04-03 15:53:48 - INFO: printing stdout
2023-04-03 15:53:48 - INFO: file_contains Testing

2023-04-03 15:53:48 - INFO: file_contains adasd

2023-04-03 15:53:48 - INFO: file_contains Testing

2023-04-03 15:53:48 - INFO: exit status Some(0)
2023-04-03 15:53:48 - INFO: []
2023-04-03 15:53:48 - INFO: Running test number 4 with status RUNNING
2023-04-03 15:53:48 - INFO: Executing "./test"
2023-04-03 15:53:48 - INFO: Child { stdin: Some(ChildStdin { .. }), stdout: Some(ChildStdout { .. }), stderr: None, .. }
2023-04-03 15:53:48 - INFO: wrote adasd

2023-04-03 15:53:48 - INFO: printing stdout
2023-04-03 15:53:48 - INFO: file_contains Testing

2023-04-03 15:53:48 - INFO: file_contains adasd

2023-04-03 15:53:48 - INFO: file_contains Testing

2023-04-03 15:53:48 - INFO: exit status Some(0)
2023-04-03 15:53:48 - INFO: []
2023-04-03 15:53:48 - INFO: Running test number 5 with status RUNNING
2023-04-03 15:53:48 - INFO: Executing "./test"
2023-04-03 15:53:48 - INFO: Child { stdin: Some(ChildStdin { .. }), stdout: Some(ChildStdout { .. }), stderr: None, .. }
2023-04-03 15:53:48 - INFO: wrote asdasd

2023-04-03 15:53:48 - INFO: printing stdout
2023-04-03 15:53:48 - INFO: file_contains Testing

2023-04-03 15:53:48 - INFO: file_contains asdasd

2023-04-03 15:53:48 - INFO: file_contains Testing

2023-04-03 15:53:48 - INFO: exit status Some(0)
2023-04-03 15:53:48 - INFO: []
2023-04-03 15:53:48 - INFO: Started all tests
2023-04-03 15:53:48 - INFO: Running test number 0 with status RUNNING
2023-04-03 15:53:48 - INFO: Executing "./test"
2023-04-03 15:53:48 - INFO: Child { stdin: Some(ChildStdin { .. }), stdout: Some(ChildStdout { .. }), stderr: None, .. }
2023-04-03 15:53:48 - INFO: wrote Hello there!

2023-04-03 15:53:48 - INFO: wrote Heya!

2023-04-03 15:53:48 - INFO: printing stdout
2023-04-03 15:53:48 - INFO: file_contains Testing

2023-04-03 15:53:48 - INFO: file_contains Hello

2023-04-03 15:53:48 - INFO: file_contains Testing

2023-04-03 15:53:48 - INFO: exit status Some(0)
2023-04-03 15:53:48 - INFO: []
2023-04-03 15:53:48 - INFO: Running test number 1 with status RUNNING
2023-04-03 15:53:48 - INFO: Executing "./test"
2023-04-03 15:53:48 - INFO: Child { stdin: Some(ChildStdin { .. }), stdout: Some(ChildStdout { .. }), stderr: None, .. }
2023-04-03 15:53:48 - INFO: wrote cdascsdf

2023-04-03 15:53:48 - INFO: printing stdout
2023-04-03 15:53:48 - INFO: file_contains Testing

2023-04-03 15:53:48 - INFO: file_contains cdascsdf

2023-04-03 15:53:48 - INFO: file_contains Testing

2023-04-03 15:53:48 - INFO: exit status Some(0)
2023-04-03 15:53:48 - INFO: []
2023-04-03 15:53:48 - INFO: Running test number 2 with status RUNNING
2023-04-03 15:53:48 - INFO: Executing "./test"
2023-04-03 15:53:48 - INFO: Child { stdin: Some(ChildStdin { .. }), stdout: Some(ChildStdout { .. }), stderr: None, .. }
2023-04-03 15:53:48 - INFO: wrote dasdasd

2023-04-03 15:53:48 - INFO: printing stdout
2023-04-03 15:53:48 - INFO: file_contains Testing

2023-04-03 15:53:48 - INFO: file_contains dasdasd

2023-04-03 15:53:48 - INFO: file_contains Testing

2023-04-03 15:53:48 - INFO: exit status Some(0)
2023-04-03 15:53:48 - INFO: []
2023-04-03 15:53:48 - INFO: Running test number 3 with status RUNNING
2023-04-03 15:53:48 - INFO: Executing "./test"
2023-04-03 15:53:48 - INFO: Child { stdin: Some(ChildStdin { .. }), stdout: Some(ChildStdout { .. }), stderr: None, .. }
2023-04-03 15:53:48 - INFO: wrote adasd

2023-04-03 15:53:48 - INFO: printing stdout
2023-04-03 15:53:48 - INFO: file_contains Testing

2023-04-03 15:53:48 - INFO: file_contains adasd

2023-04-03 15:53:48 - INFO: file_contains Testing

2023-04-03 15:53:48 - INFO: exit status Some(0)
2023-04-03 15:53:48 - INFO: []
2023-04-03 15:53:48 - INFO: Running test number 4 with status RUNNING
2023-04-03 15:53:48 - INFO: Executing "./test"
2023-04-03 15:53:48 - INFO: Child { stdin: Some(ChildStdin { .. }), stdout: Some(ChildStdout { .. }), stderr: None, .. }
2023-04-03 15:53:48 - INFO: wrote adasd

2023-04-03 15:53:48 - INFO: printing stdout
2023-04-03 15:53:48 - INFO: file_contains Testing

2023-04-03 15:53:48 - INFO: file_contains adasd

2023-04-03 15:53:48 - INFO: file_contains Testing

2023-04-03 15:53:48 - INFO: exit status Some(0)
2023-04-03 15:53:48 - INFO: []
2023-04-03 15:53:48 - INFO: Running test number 5 with status RUNNING
2023-04-03 15:53:48 - INFO: Executing "./test"
2023-04-03 15:53:48 - INFO: Child { stdin: Some(ChildStdin { .. }), stdout: Some(ChildStdout { .. }), stderr: None, .. }
2023-04-03 15:53:48 - INFO: wrote asdasd

2023-04-03 15:53:48 - INFO: printing stdout
2023-04-03 15:53:48 - INFO: file_contains Testing

2023-04-03 15:53:48 - INFO: file_contains asdasd

2023-04-03 15:53:48 - INFO: file_contains Testing

2023-04-03 15:53:48 - INFO: exit status Some(0)
2023-04-03 15:53:48 - INFO: []
2023-04-03 15:53:48 - INFO: Started all tests
