6932 1390 -8978 
-6331 -6220 -8165 
-8238 -605 -6983 
-3928 -75 -847 
6168 -4317 -5773 
-7296 2319 -8224 
-3751 624 9813 
-605 8077 7521 
-8271 -4880 -8049 
-397 -8203 -9549 
5473 -438 -8197 
5412 1299 -6253 
-1095 -1907 2416 
-3751 624 9813 
4191 -5230 5424 
3802 6737 -6241 
7902 5251 6489 
-2342 -337 -543 
8417 -2514 -7674 
5083 -9403 8150 
-5588 3038 5698 
754 1101 -418 
8242 -6095 8384 
7079 -6797 9305 
7042 2583 7590 
447 -342 -76 
6932 1390 -8978 
-1164 6168 4064 
9226 -1314 -5546 
-2374 9474 6316 
-6186 -7024 -9086 
7361 6159 3043 
-116 5863 3014 
1595 3405 -4160 
-8279 -7293 105 
5003 7422 939 
-3027 -1322 3191 
-1556 8568 -435 
9150 4202 7563 
4402 3692 3316 
1035 -8492 -5753 
1930 8689 -5548 
1759 6762 2063 
-9378 1393 -9882 
4421 7456 -3860 
6020 -5756 8477 
-7930 894 3376 
-9515 -8148 -7567 
-7654 -6619 8885 
-6259 5516 -8149 
839 -1895 -2336 
-2457 -4746 -9711 
6801 -3418 7531 
-6467 -2013 207 
692 4259 7336 
4100 -4179 7259 
4595 -6173 8416 
3220 1247 -4512 
-2628 -8582 -2549 
7945 -7513 -6187 
-6088 7214 -6936 
-5588 3038 5698 
6204 2210 8282 
8737 6207 -6004 
4485 -6003 4766 
7349 8889 -9858 
5015 -9491 -4361 
5201 4791 -5738 
440 -8090 9072 
7763 5281 -1965 
-3178 -8208 -715 
6907 2968 4271 
-7751 3884 -4931 
-8114 -4133 8787 
7132 -3920 8381 
8747 3360 4024 
-1573 -7182 2871 
199 -6981 1862 
3909 -7260 8721 
-8433 -3269 -2756 
7538 410 8631 
2626 -8622 -1066 
-3447 6264 -8756 
6005 9535 6193 
2407 -2685 2369 
-8719 6248 -8942 
-1843 3632 9507 
6281 3784 -6002 
-1732 2943 -2460 
-7687 940 9574 
-8731 9985 -7324 
-591 2805 -864 
590 -9304 -1129 
8830 -3650 5960 
2418 -8989 -3064 
-4737 7579 -948 
-3998 -1759 3969 
-8238 -605 -6983 
-4570 -6160 -6355 
3411 -6888 -7184 
440 -8090 9072 
-3841 3301 -1498 
-3080 -621 -2093 
1935 -4388 5640 
1199 -1136 -7423 
-100 272 6152 
7538 410 8631 
-6086 1757 -9743 
3399 456 -7250 
-5722 -6526 -5323 
-7603 2602 -918 
-9062 -5038 2879 
-2340 5960 6419 
5403 -5514 -1177 
-7799 1414 1334 
-7105 6329 2709 
2470 -5457 -2190 
5223 444 9416 
8242 -6095 8384 
-2457 -4746 -9711 
8747 3360 4024 
-9752 6063 9563 
-6083 -2437 7248 
-3984 1362 2933 
2644 7384 8559 
-5344 8155 2268 
47 -9751 4494 
974 -5890 3881 
-7687 940 9574 
-9612 -4637 -6044 
-2403 -4637 -5166 
6558 -715 3201 
5843 7766 9749 
7042 2583 7590 
-3869 -4288 8453 
-1198 -7512 -3618 
995 -3524 -2921 
-5338 5558 573 
5021 5823 4089 
-8114 -4133 8787 
-5698 -6445 1865 
-5412 7433 -7823 
-619 -2371 -6381 
-4473 9573 -7905 
-3849 -7686 1888 
1649 -5783 -4746 
-8054 8065 -4909 
-8086 5219 -6117 
8401 7997 9144 
4019 5533 3093 
2066 -6340 -2103 
9525 -5581 -649 
5473 -438 -8197 
8216 2816 -2315 
7583 -9035 1197 
-100 272 6152 
-1859 -2891 -3243 
-8238 -605 -6983 
-5771 -3693 877 
-2314 8413 591 
2490 -7429 -4638 
-284 3543 5032 
-1843 3632 9507 
-4258 -998 -7650 
-8086 5219 -6117 
-5214 -4453 -1104 
-9734 919 -3855 
3515 -696 496 
-7105 6329 2709 
8521 -6009 708 
4595 8614 7861 
1735 -1092 3786 
3471 -5380 -4927 
8712 -1641 -3485 
-6674 -8356 -8029 
4389 9473 823 
-3758 -126 -1519 
-6259 5516 -8149 
8646 -9236 4533 
8674 4926 -4147 
6684 -6758 779 
1595 3405 -4160 
-3869 -4288 8453 
-7391 -6733 3894 
5122 -6165 8116 
3909 -7260 8721 
-8032 4433 -9508 
-4877 421 -2828 
2931 -9813 6388 
-8276 -570 5902 
3719 -4768 5021 
6854 -6635 -2936 
142 8987 -1838 
-6674 -8356 -8029 
9352 -8004 -3043 
4624 -2870 8166 
293 9746 6666 
2891 -2404 5544 
4482 -8454 1564 
2562 -1131 6854 
-9062 -5038 2879 
9544 -6809 4081 
5412 1299 -6253 
924 6239 -4585 
9226 -1314 -5546 
-7507 -3794 5594 
6786 6119 4636 
-2254 4298 6396 
-8571 -4041 -1585 
-927 2961 7634 
404 4891 2126 
-1556 8568 -435 
-6746 -6437 2440 
7782 -8321 1990 
-2475 1395 407 
2055 -2655 4486 
9741 7151 8183 
-6721 -5237 7916 
6825 6551 -2850 
-5118 -6368 -4363 
508 -9712 6252 
-6482 -9306 7575 
-1117 -3095 7717 
-7137 8549 4249 
3460 -1603 -1169 
-4568 901 -3435 
6025 -4258 -6152 
1759 6762 2063 
-1032 -1326 -4572 
4842 997 2163 
-4016 7801 -765 
-3170 2176 9331 
3048 -5357 9140 
2262 7754 -5846 
1881 -4374 -3558 
1687 7482 -1190 
8593 -88 -1292 
-9465 -9893 -3415 
199 -6981 1862 
2661 -8947 -8749 
-9013 3455 5031 
6786 6119 4636 
9264 -9394 -2262 
3700 7845 3541 
-1095 -1907 2416 
7782 -8321 1990 
6931 -6314 -8294 
-4171 -7856 -1810 
-2817 7922 -1027 
2339 3128 68 
1920 -8829 1939 
692 4259 7336 
-4529 -3209 -8840 
9990 -9171 1585 
-7172 6882 -1597 
-4738 -4296 -1567 
4824 -9470 1899 
-3085 -2536 -5710 
1759 6762 2063 
-9752 6063 9563 
-7751 3884 -4931 
7718 -2239 -2744 
8941 -2240 7267 
5891 7927 -4109 
6036 4675 1581 
4436 -2660 6932 
7079 -6797 9305 
-7709 4971 9799 
-105 -3657 -51 
-1573 -7182 2871 
5635 6635 -7038 
-3276 3204 8424 
3460 -1603 -1169 
2038 -2295 -3577 
-8417 -8895 -906 
7718 875 5253 
1759 6762 2063 
-5722 -6526 -5323 
9233 9002 -1867 
4191 -5230 5424 
18 5680 5458 
-6216 -7393 -4084 
2055 -2655 4486 
3571 -8008 -3054 
9294 -5447 -7351 
-3984 1362 2933 
4168 -5591 -7243 
6296 -2106 -6058 
8888 -4217 -4149 
6385 -1247 1060 
1717 -8326 6074 
7042 2583 7590 
4316 2337 8345 
4734 -6655 2928 
1735 -1092 3786 
8593 -88 -1292 
-5057 6406 3501 
2490 -7429 -4638 
-7818 -2320 1510 
440 -8090 9072 
6854 -6635 -2936 
-8747 -9054 4048 
8082 -617 -4453 
-2085 -7018 1218 
7869 -5105 -4842 
9150 4202 7563 
5397 -2562 3056 
2121 -4369 -6432 
6296 -2106 -6058 
-5749 -7667 -6886 
7555 8268 -7456 
-4486 -6392 8090 
-8500 -4750 5309 
-2680 502 9151 
5390 3353 4427 
-5706 9244 7768 
1391 3946 495 
-4712 -1258 6298 
2174 5414 4379 
8248 -8067 9568 
-6086 1757 -9743 
-7677 1615 -5760 
-927 2961 7634 
7625 -2215 7555 
7001 -7969 -7629 
-4712 -1258 6298 
-1249 -7023 -4399 
-5905 1582 9810 
-7137 8549 4249 
-2746 -9779 -3005 
-7137 8549 4249 
7915 6463 3694 
6854 -6635 -2936 
6825 6551 -2850 
108 -6947 -1640 
-3281 9764 -9347 
-6843 8560 -4294 
3000 3621 -5286 
-5338 5558 573 
456 864 -6818 
5601 6788 -1550 
-7050 8689 -8832 
2510 -7844 -362 
-9062 -5038 2879 
7264 -7190 -8964 
174 5844 -5305 
7880 3548 -9440 
174 5844 -5305 
8216 2816 -2315 
9670 4136 -7547 
-2209 8984 1717 
9525 -5581 -649 
6646 6335 9001 
-9273 -6924 5229 
-8054 8065 -4909 
-3362 4344 1860 
4917 3189 -2323 
4278 -568 4164 
-2368 7926 -3433 
-4712 -1258 6298 
-8915 -3857 -2748 
7902 5251 6489 
-9612 -4637 -6044 
1375 7638 6150 
-6661 841 7674 
-4570 -6160 -6355 
-7930 894 3376 
6506 -4214 -5023 
-9222 7350 6331 
6496 8469 -6758 
-8683 -1786 -635 
-2475 1395 407 
1835 948 3116 
-2342 -8762 9021 
8417 -2514 -7674 
-6934 -2906 -9030 
-2919 2360 5418 
8856 5235 -420 
7465 761 3153 
199 -6981 1862 
6333 1457 8772 
5429 -2938 523 
1759 6762 2063 
-5691 3225 -3229 
-1600 5902 9408 
-7125 -3629 -9011 
1391 3946 495 
-4904 -3304 6204 
4389 9473 823 
-7722 -2125 -8031 
-3984 1362 2933 
-3849 -7686 1888 
-7698 7491 6144 
6878 9609 -909 
-26 4717 2928 
-1832 -7804 -7955 
-2970 -9925 6901 
-6657 8019 3845 
2407 -2685 2369 
2174 5414 4379 
-646 -6620 3428 
-1522 22 -6411 
-7594 -4413 4520 
6541 9530 -4365 
447 -342 -76 
5397 -2562 3056 
9451 2850 9912 
6256 -6509 -1115 
-5970 -5007 4565 
6007 -5957 -2066 
-2307 2332 -6341 
4844 -5400 -8178 
-26 4717 2928 
-8846 8982 -63 
-6968 -7841 -609 
-2945 3722 -3028 
-4120 -5593 2236 
-8655 -9923 4383 
7507 -8745 -5062 
9326 -2184 -3698 
2441 1345 9381 
-6752 1134 -175 
-6331 -6220 -8165 
-6923 -1602 6215 
-8747 -9054 4048 
6825 6551 -2850 
-388 -6232 4206 
8248 -8067 9568 
-440 -359 -8231 
8082 -617 -4453 
-5124 9258 8546 
3027 8638 -1377 
3716 1559 -439 
3716 1559 -439 
8912 6748 -8211 
-6359 -4266 -7359 
-5905 1582 9810 
-4263 -2348 4952 
2490 -7429 -4638 
1375 7638 6150 
78 -3318 -8586 
7920 2448 -4211 
-6059 -5819 5738 
8216 2816 -2315 
-1873 1799 8571 
142 8987 -1838 
-155 2217 -5510 
-2330 5390 5879 
-7105 6329 2709 
-100 272 6152 
-5970 -5007 4565 
-87 1197 -8781 
800 -5947 850 
6036 4675 1581 
3891 7420 191 
18 5680 5458 
-2424 -733 7629 
2931 -9813 6388 
6273 3811 1064 
3174 730 6188 
-6482 -9306 7575 
4485 -6003 4766 
-4799 -3948 8256 
-9465 -9893 -3415 
4168 -5591 -7243 
-4808 8339 5644 
-2209 8984 1717 
-5556 8714 -2250 
-7954 7961 1838 
-7105 6329 2709 
4485 -6003 4766 
3575 3308 2102 
9145 487 -5359 
-6806 5249 -5470 
-100 272 6152 
1518 3253 -7212 
-591 2805 -864 
-2658 -7096 -4331 
9195 3066 697 
-8086 5219 -6117 
-6331 -6220 -8165 
3891 7420 191 
3174 730 6188 
3716 1559 -439 
-5691 3225 -3229 
-3085 -2536 -5710 
-944 1050 -3055 
6385 -1247 1060 
-3484 6288 -9134 
-3226 -393 -8775 
3027 8638 -1377 
-5730 3512 -3479 
-4171 -7856 -1810 
3899 2513 52 
9237 4478 -979 
3672 6058 -6124 
-6083 -2437 7248 
9501 -9325 6550 
800 -5947 850 
8050 8958 5203 
-7709 4971 9799 
-180 424 8192 
5414 7736 2353 
9490 800 -6314 
7902 5251 6489 
-4737 7579 -948 
4260 -1492 449 
3127 4202 6839 
2490 -7429 -4638 
1035 -8492 -5753 
6736 -9654 -1372 
7062 8369 -7863 
-100 272 6152 
-5588 3038 5698 
7718 -2239 -2744 
1391 3946 495 
5885 -8451 4224 
7349 8889 -9858 
-9222 7350 6331 
839 -1895 -2336 
9459 -7091 4145 
3027 8638 -1377 
5921 4624 -2732 
-4106 5956 8954 
-6359 -4266 -7359 
-7050 8689 -8832 
9713 -5994 5155 
7349 8889 -9858 
9501 -9325 6550 
-2368 7926 -3433 
-4205 -9132 -4747 
-5971 -8800 8334 
1223 -2618 -8803 
12 -4607 9556 
1391 3946 495 
-3869 -4288 8453 
595 -5536 -7762 
-4193 3057 6732 
1835 948 3116 
-6186 6314 -9091 
-3648 8178 9170 
-3226 -393 -8775 
9831 -8396 -7430 
5122 -6165 8116 
800 -5947 850 
-3712 1089 2749 
4168 -5591 -7243 
-9391 -143 3814 
9689 9617 -5677 
3242 -1314 9838 
9371 2877 5178 
-3496 -4738 2594 
8983 -4576 9107 
4976 -9447 -9128 
-7709 4971 9799 
-9594 3622 -1929 
-8812 -5288 -1509 
375 -7872 4788 
440 -8090 9072 
-2906 3613 9628 
-5884 -3289 -5000 
2283 -4248 -4168 
-2970 -9925 6901 
-2410 5715 1314 
-3276 3204 8424 
1706 -659 -3295 
-5717 -1155 -2183 
2644 7384 8559 
-7603 2602 -918 
-9975 -598 -7059 
-284 3543 5032 
6005 9535 6193 
-8045 -3017 5037 
5429 -2938 523 
-1411 4123 4502 
5383 -2068 4565 
6653 2648 -3036 
3306 -5390 5137 
7135 5656 9870 
223 5564 -2677 
-3869 -4288 8453 
3709 4427 -5036 
-3715 -8834 2074 
-3276 3204 8424 
-7677 1615 -5760 
-8894 9067 36 
3944 -2449 -7883 
-5478 6578 5096 
4731 5294 -9354 
-4570 -6160 -6355 
5390 3353 4427 
-7803 -7561 7315 
-302 -5014 9601 
2626 -8622 -1066 
-7677 1615 -5760 
-989 -3375 6624 
-100 272 6152 
-5722 -6526 -5323 
5007 4958 -372 
-9690 -8557 -3636 
-8485 -504 528 
9150 4202 7563 
8973 8435 8558 
-6083 -407 -534 
8634 3933 2315 
-9273 -6924 5229 
3697 8844 -7597 
440 -8090 9072 
-7751 3884 -4931 
4772 7131 2993 
-3085 -2536 -5710 
8262 5352 -8087 
18 5680 5458 
3242 -1314 9838 
-7060 9658 8914 
6296 -2106 -6058 
622 -4158 -7412 
-619 -2371 -6381 
1835 948 3116 
-6186 6314 -9091 
-989 -3375 6624 
5657 357 -4618 
-2365 4187 -2794 
1035 -8492 -5753 
8274 -6903 8050 
7079 -6797 9305 
-5706 9244 7768 
-5884 -3289 -5000 
-605 8077 7521 
-7564 7727 9833 
-5588 3038 5698 
47 -9751 4494 
-6797 9330 -3202 
-1328 -3703 7731 
1564 5870 -8303 
9352 -8004 -3043 
7132 -3920 8381 
-2368 7926 -3433 
4594 105 9034 
9693 6400 -1214 
4595 8614 7861 
1698 7639 7922 
-2567 1791 -8544 
-1908 -4922 -2658 
7718 875 5253 
3027 8638 -1377 
8232 -8017 -7986 
-4983 -6545 -4499 
-276 9728 -6390 
3345 6443 8198 
-6721 -5237 7916 
-5338 5558 573 
7600 612 -1450 
-5344 8155 2268 
-6088 7214 -6936 
1706 -659 -3295 
8740 -5825 7050 
-3984 1362 2933 
9630 -3324 8768 
-8086 5219 -6117 
-2368 7926 -3433 
-8094 -5448 -2927 
-4493 7043 -1856 
-2368 7926 -3433 
-4205 -9132 -4747 
-2567 1791 -8544 
4485 -6003 4766 
4615 -4492 6295 
6985 -1156 -5618 
9294 -5447 -7351 
-6186 -7024 -9086 
4389 9473 823 
7663 -8132 9694 
8737 6207 -6004 
2560 -2450 -675 
9088 -8349 -9458 
7718 -2239 -2744 
806 -8487 -3213 
6296 -2106 -6058 
4824 -9470 1899 
-1056 -9688 3203 
-286 -2329 6790 
-1843 3632 9507 
4917 3189 -2323 
4009 2348 -981 
-3281 9764 -9347 
-7172 6882 -1597 
-2307 2332 -6341 
4191 -5230 5424 
-6492 -3359 9614 
1687 7482 -1190 
5767 -1540 -367 
935 6258 -281 
1330 -6336 3294 
-3928 -75 -847 
839 -1895 -2336 
7663 -8132 9694 
-6086 1757 -9743 
-6429 5170 9150 
8741 1917 313 
3697 8844 -7597 
-3715 -8834 2074 
1687 7482 -1190 
-4616 -3362 3475 
2696 -5766 468 
4126 -1156 3381 
-3180 6140 9014 
-8774 -2430 -2962 
6333 1457 8772 
-3170 2176 9331 
4963 824 -6811 
-7954 7961 1838 
-8894 9067 36 
9689 9617 -5677 
6676 -2565 -8688 
-4323 7926 5492 
1158 139 9304 
-5251 -3188 652 
-7954 7961 1838 
-155 2217 -5510 
-605 8077 7521 
8363 -7157 8195 
1481 -3730 -1416 
3031 7222 -4168 
-5970 -5007 4565 
-6482 -9306 7575 
5774 -1020 -5806 
8235 -8202 -4872 
-8417 -8895 -906 
8232 -8017 -7986 
-8433 -3269 -2756 
-1843 3632 9507 
5015 -9491 -4361 
-7050 8689 -8832 
-8797 6706 4469 
2891 -2404 5544 
-3928 -75 -847 
2560 -2450 -675 
5544 -902 4471 
2891 -2404 5544 
6663 -8589 347 
4734 -6655 2928 
4532 9078 -7350 
3471 -5380 -4927 
9144 6998 -4028 
-8683 -1786 -635 
5774 -1020 -5806 
3511 6689 -9408 
-5749 -7667 -6886 
-4171 -7856 -1810 
8888 -4217 -4149 
5774 -1020 -5806 
754 1101 -418 
5357 9462 -413 
9150 5456 8308 
3511 6689 -9408 
-5057 6406 3501 
-7687 940 9574 
-3496 -4738 2594 
-7507 -3794 5594 
-7698 7491 6144 
6281 3784 -6002 
9144 6998 -4028 
142 8987 -1838 
-2410 5715 1314 
6700 5542 -3131 
7583 -9035 1197 
3721 -2483 2776 
5843 7766 9749 
-9621 -4517 -7820 
6985 -1156 -5618 
-6357 -9202 -2938 
1035 -8492 -5753 
4821 3858 -8946 
-9592 2518 9868 
3802 6737 -6241 
1709 2047 -196 
6963 -3989 -4945 
-8774 -2430 -2962 
-1999 6982 3750 
496 116 -9619 
6923 5871 8736 
-123 9501 -8560 
9677 5410 3415 
1223 -2618 -8803 
-8797 6706 4469 
-6767 -1422 -3876 
1391 3946 495 
-319 -3317 1507 
-5588 3038 5698 
6907 2968 4271 
9501 -9325 6550 
174 5844 -5305 
4775 2452 -5058 
174 5844 -5305 
9741 7151 8183 
1698 7639 7922 
-319 -3317 1507 
-5316 -7334 -9139 
-3719 -5226 7171 
-1649 -3869 170 
3413 -376 8292 
-7507 -3794 5594 
-9465 -9893 -3415 
-4570 -6160 -6355 
-7709 4971 9799 
5083 -9403 8150 
-1272 431 -1349 
-2567 1791 -8544 
6540 -728 -991 
7240 -2755 -987 
-1843 3632 9507 
-4738 -4296 -1567 
-2906 3613 9628 
1885 -4697 7848 
8884 5990 -8411 
7663 -8132 9694 
8382 -7551 4502 
-8683 -1786 -635 
6036 4675 1581 
2343 -7175 -4404 
-772 7707 -9043 
-881 -7564 -4769 
-7289 2905 -8841 
4624 -2870 8166 
3027 8638 -1377 
-3068 -4870 3819 
9664 -606 -8550 
-376 5461 -1821 
-2888 18 3343 
8216 2816 -2315 
-4193 3057 6732 
-2970 -9925 6901 
5473 -438 -8197 
5001 2157 -2552 
5163 7998 -2821 
-605 8077 7521 
375 -7872 4788 
1603 -6202 -9006 
-5971 -8800 8334 
-9185 -7154 6812 
7718 -2239 -2744 
7327 218 2522 
-1794 -2695 3340 
806 -8487 -3213 
-3180 6140 9014 
-2658 -7096 -4331 
3511 6689 -9408 
6385 -1247 1060 
-6806 5249 -5470 
-4972 -480 5512 
-9975 -598 -7059 
-9537 8061 -4611 
-2567 1791 -8544 
-5970 -5007 4565 
-7722 -2125 -8031 
-6429 5170 9150 
3399 456 -7250 
-6259 5516 -8149 
-3869 -4288 8453 
6825 6551 -2850 
-5338 5558 573 
4963 824 -6811 
-6767 -1422 -3876 
6663 -8589 347 
4019 5533 3093 
-5816 729 -6697 
-4570 -6160 -6355 
8248 -8067 9568 
4289 6151 -8553 
4421 7456 -3860 
-7930 894 3376 
-8271 -4880 -8049 
7625 -2215 7555 
-7125 -3629 -9011 
26 6758 1176 
-7564 7727 9833 
8662 8441 -9875 
5774 -1020 -5806 
9374 9423 -2409 
-2342 -337 -543 
1365 -7641 -9149 
9371 2877 5178 
-100 -4083 -1537 
-8719 6248 -8942 
-9062 -5038 2879 
8593 -88 -1292 
-4483 -3805 -3817 
1835 948 3116 
-3027 -1322 3191 
7555 8268 -7456 
1245 2363 4296 
-2674 3881 -7067 
-6259 5516 -8149 
5357 9462 -413 
8082 -617 -4453 
8634 3933 2315 
-2950 9003 -4281 
9144 6998 -4028 
-5930 511 5638 
4482 -8454 1564 
6540 -728 -991 
-7137 8549 4249 
-881 -7564 -4769 
9574 -8187 -5847 
4316 2337 8345 
1296 3096 8788 
-2403 -4637 -5166 
5777 3956 3951 
5777 3956 3951 
-7954 7961 1838 
-3180 6140 9014 
-3616 1488 -5294 
-4859 6551 -6581 
-8048 -1136 7803 
2380 4191 -2838 
-873 1222 2810 
7625 -2215 7555 
447 -342 -76 
-4958 9264 -1504 
-725 4648 1603 
-1266 -1386 125 
-3484 6288 -9134 
-4808 8339 5644 
-9624 1511 -7518 
-4737 7579 -948 
-6843 8560 -4294 
1885 -4697 7848 
-7954 7961 1838 
1229 -734 -9280 
6385 -1247 1060 
7022 952 -5601 
3768 3868 -1608 
2055 -2655 4486 
-5771 -3693 877 
5007 4958 -372 
3031 7222 -4168 
-5930 511 5638 
-319 -3317 1507 
8888 -4217 -4149 
5843 7766 9749 
-200 2318 2364 
2470 -5457 -2190 
-6259 5516 -8149 
-5478 6578 5096 
-6059 -5819 5738 
4842 997 2163 
-1522 22 -6411 
-3447 6264 -8756 
2510 -7844 -362 
-4898 -5500 -2070 
5601 6788 -1550 
47 -9751 4494 
-9734 919 -3855 
3672 6058 -6124 
-379 -206 -4270 
924 6239 -4585 
174 5844 -5305 
3575 3308 2102 
-2360 -5160 5601 
1391 3946 495 
3048 -5357 9140 
-2952 -1689 3258 
-6968 -7841 -609 
1759 6762 2063 
-8279 -7293 105 
-3178 -8208 -715 
-2906 3613 9628 
-873 1222 2810 
-132 2144 -980 
-882 -5357 4096 
7902 5251 6489 
5403 -5514 -1177 
1605 -4713 7335 
6296 -2106 -6058 
-3712 1089 2749 
5274 7323 287 
1173 -1236 2567 
-5148 -1387 -6441 
-6746 -6437 2440 
2407 -2685 2369 
-2457 -4746 -9711 
-5338 5558 573 
6020 -5756 8477 
5473 -438 -8197 
-6307 -9270 460 
8737 6207 -6004 
9544 -6809 4081 
-7974 3688 2043 
1558 4412 -3325 
-495 -6975 6262 
-8532 5553 -917 
-4473 9573 -7905 
18 5680 5458 
-5358 6322 -4491 
-364 2635 5285 
5390 3353 4427 
3780 5637 -2354 
-2567 1791 -8544 
9113 -817 -4845 
